{"/home/krapp/programacion/sistema-puraesencia/backend/src/app.ts": {"path":"/home/krapp/programacion/sistema-puraesencia/backend/src/app.ts","statementMap":{"0":{"start":{"line":2,"column":0},"end":{"line":2,"column":49}},"1":{"start":{"line":3,"column":0},"end":{"line":3,"column":28}},"2":{"start":{"line":4,"column":0},"end":{"line":4,"column":52}},"3":{"start":{"line":5,"column":0},"end":{"line":5,"column":65}},"4":{"start":{"line":6,"column":0},"end":{"line":6,"column":68}},"5":{"start":{"line":7,"column":0},"end":{"line":7,"column":76}},"6":{"start":{"line":8,"column":0},"end":{"line":8,"column":64}},"7":{"start":{"line":9,"column":0},"end":{"line":9,"column":74}},"8":{"start":{"line":12,"column":0},"end":{"line":12,"column":16}},"9":{"start":{"line":14,"column":21},"end":{"line":14,"column":30}},"10":{"start":{"line":15,"column":0},"end":{"line":15,"column":16}},"11":{"start":{"line":16,"column":0},"end":{"line":16,"column":26}},"12":{"start":{"line":18,"column":0},"end":{"line":18,"column":49}},"13":{"start":{"line":19,"column":0},"end":{"line":19,"column":47}},"14":{"start":{"line":20,"column":0},"end":{"line":20,"column":57}},"15":{"start":{"line":21,"column":0},"end":{"line":21,"column":45}},"16":{"start":{"line":22,"column":0},"end":{"line":22,"column":55}},"17":{"start":{"line":24,"column":0},"end":{"line":26,"column":3}},"18":{"start":{"line":25,"column":1},"end":{"line":25,"column":39}},"19":{"start":{"line":28,"column":0},"end":{"line":28,"column":19}}},"fnMap":{"0":{"name":"(anonymous_7)","decl":{"start":{"line":24,"column":13},"end":{"line":24,"column":14}},"loc":{"start":{"line":24,"column":51},"end":{"line":26,"column":1}}}},"branchMap":{},"s":{"0":2,"1":2,"2":2,"3":2,"4":2,"5":2,"6":2,"7":2,"8":2,"9":2,"10":2,"11":2,"12":2,"13":2,"14":2,"15":2,"16":2,"17":2,"18":1,"19":2},"f":{"0":1},"b":{}}
,"/home/krapp/programacion/sistema-puraesencia/backend/src/controllers/category.ts": {"path":"/home/krapp/programacion/sistema-puraesencia/backend/src/controllers/category.ts","statementMap":{"0":{"start":{"line":1,"column":0},"end":{"line":1,"column":80}},"1":{"start":{"line":3,"column":0},"end":{"line":3,"column":58}},"2":{"start":{"line":5,"column":0},"end":{"line":5,"column":40}},"3":{"start":{"line":8,"column":1},"end":{"line":11,"column":3}},"4":{"start":{"line":8,"column":48},"end":{"line":11,"column":3}},"5":{"start":{"line":9,"column":21},"end":{"line":9,"column":49}},"6":{"start":{"line":10,"column":2},"end":{"line":10,"column":30}},"7":{"start":{"line":13,"column":1},"end":{"line":20,"column":3}},"8":{"start":{"line":13,"column":49},"end":{"line":20,"column":3}},"9":{"start":{"line":14,"column":13},"end":{"line":14,"column":34}},"10":{"start":{"line":15,"column":19},"end":{"line":15,"column":50}},"11":{"start":{"line":16,"column":2},"end":{"line":18,"column":3}},"12":{"start":{"line":17,"column":3},"end":{"line":17,"column":75}},"13":{"start":{"line":19,"column":2},"end":{"line":19,"column":28}},"14":{"start":{"line":22,"column":1},"end":{"line":31,"column":3}},"15":{"start":{"line":22,"column":48},"end":{"line":31,"column":3}},"16":{"start":{"line":23,"column":21},"end":{"line":23,"column":47}},"17":{"start":{"line":24,"column":2},"end":{"line":26,"column":3}},"18":{"start":{"line":25,"column":3},"end":{"line":25,"column":80}},"19":{"start":{"line":28,"column":22},"end":{"line":28,"column":65}},"20":{"start":{"line":30,"column":2},"end":{"line":30,"column":36}},"21":{"start":{"line":33,"column":1},"end":{"line":46,"column":3}},"22":{"start":{"line":33,"column":48},"end":{"line":46,"column":3}},"23":{"start":{"line":34,"column":13},"end":{"line":34,"column":34}},"24":{"start":{"line":35,"column":2},"end":{"line":45,"column":3}},"25":{"start":{"line":36,"column":18},"end":{"line":36,"column":48}},"26":{"start":{"line":37,"column":3},"end":{"line":37,"column":63}},"27":{"start":{"line":39,"column":3},"end":{"line":43,"column":4}},"28":{"start":{"line":40,"column":4},"end":{"line":42,"column":5}},"29":{"start":{"line":41,"column":5},"end":{"line":41,"column":68}},"30":{"start":{"line":44,"column":3},"end":{"line":44,"column":38}},"31":{"start":{"line":48,"column":1},"end":{"line":63,"column":3}},"32":{"start":{"line":48,"column":48},"end":{"line":63,"column":3}},"33":{"start":{"line":49,"column":21},"end":{"line":49,"column":54}},"34":{"start":{"line":51,"column":2},"end":{"line":53,"column":3}},"35":{"start":{"line":52,"column":3},"end":{"line":52,"column":80}},"36":{"start":{"line":55,"column":13},"end":{"line":55,"column":34}},"37":{"start":{"line":57,"column":26},"end":{"line":60,"column":4}},"38":{"start":{"line":62,"column":2},"end":{"line":62,"column":35}},"39":{"start":{"line":7,"column":0},"end":{"line":7,"column":13}}},"fnMap":{"0":{"name":"(anonymous_7)","decl":{"start":{"line":7,"column":0},"end":{"line":7,"column":13}},"loc":{"start":{"line":7,"column":0},"end":{"line":64,"column":1}}},"1":{"name":"(anonymous_8)","decl":{"start":{"line":8,"column":10},"end":{"line":8,"column":17}},"loc":{"start":{"line":8,"column":48},"end":{"line":11,"column":3}}},"2":{"name":"(anonymous_9)","decl":{"start":{"line":8,"column":48},"end":{"line":8,"column":null}},"loc":{"start":{"line":8,"column":48},"end":{"line":11,"column":2}}},"3":{"name":"(anonymous_10)","decl":{"start":{"line":13,"column":11},"end":{"line":13,"column":18}},"loc":{"start":{"line":13,"column":49},"end":{"line":20,"column":3}}},"4":{"name":"(anonymous_11)","decl":{"start":{"line":13,"column":49},"end":{"line":13,"column":null}},"loc":{"start":{"line":13,"column":49},"end":{"line":20,"column":2}}},"5":{"name":"(anonymous_12)","decl":{"start":{"line":22,"column":10},"end":{"line":22,"column":17}},"loc":{"start":{"line":22,"column":48},"end":{"line":31,"column":3}}},"6":{"name":"(anonymous_13)","decl":{"start":{"line":22,"column":48},"end":{"line":22,"column":null}},"loc":{"start":{"line":22,"column":48},"end":{"line":31,"column":2}}},"7":{"name":"(anonymous_14)","decl":{"start":{"line":33,"column":10},"end":{"line":33,"column":17}},"loc":{"start":{"line":33,"column":48},"end":{"line":46,"column":3}}},"8":{"name":"(anonymous_15)","decl":{"start":{"line":33,"column":48},"end":{"line":33,"column":null}},"loc":{"start":{"line":33,"column":48},"end":{"line":46,"column":2}}},"9":{"name":"(anonymous_16)","decl":{"start":{"line":48,"column":10},"end":{"line":48,"column":17}},"loc":{"start":{"line":48,"column":48},"end":{"line":63,"column":3}}},"10":{"name":"(anonymous_17)","decl":{"start":{"line":48,"column":48},"end":{"line":48,"column":null}},"loc":{"start":{"line":48,"column":48},"end":{"line":63,"column":2}}}},"branchMap":{"0":{"loc":{"start":{"line":16,"column":2},"end":{"line":18,"column":3}},"type":"if","locations":[{"start":{"line":16,"column":2},"end":{"line":18,"column":3}}]},"1":{"loc":{"start":{"line":24,"column":2},"end":{"line":26,"column":3}},"type":"if","locations":[{"start":{"line":24,"column":2},"end":{"line":26,"column":3}}]},"2":{"loc":{"start":{"line":39,"column":3},"end":{"line":43,"column":4}},"type":"if","locations":[{"start":{"line":39,"column":3},"end":{"line":43,"column":4}}]},"3":{"loc":{"start":{"line":40,"column":4},"end":{"line":42,"column":5}},"type":"if","locations":[{"start":{"line":40,"column":4},"end":{"line":42,"column":5}}]},"4":{"loc":{"start":{"line":51,"column":2},"end":{"line":53,"column":3}},"type":"if","locations":[{"start":{"line":51,"column":2},"end":{"line":53,"column":3}}]}},"s":{"0":2,"1":2,"2":2,"3":2,"4":0,"5":0,"6":0,"7":2,"8":0,"9":0,"10":0,"11":0,"12":0,"13":0,"14":2,"15":0,"16":0,"17":0,"18":0,"19":0,"20":0,"21":2,"22":0,"23":0,"24":0,"25":0,"26":0,"27":0,"28":0,"29":0,"30":0,"31":2,"32":0,"33":0,"34":0,"35":0,"36":0,"37":0,"38":0,"39":2},"f":{"0":2,"1":0,"2":0,"3":0,"4":0,"5":0,"6":0,"7":0,"8":0,"9":0,"10":0},"b":{"0":[0],"1":[0],"2":[0],"3":[0],"4":[0]}}
,"/home/krapp/programacion/sistema-puraesencia/backend/src/controllers/customer.ts": {"path":"/home/krapp/programacion/sistema-puraesencia/backend/src/controllers/customer.ts","statementMap":{"0":{"start":{"line":1,"column":0},"end":{"line":1,"column":80}},"1":{"start":{"line":3,"column":0},"end":{"line":3,"column":58}},"2":{"start":{"line":5,"column":0},"end":{"line":5,"column":40}},"3":{"start":{"line":8,"column":1},"end":{"line":11,"column":3}},"4":{"start":{"line":8,"column":48},"end":{"line":11,"column":3}},"5":{"start":{"line":9,"column":20},"end":{"line":9,"column":48}},"6":{"start":{"line":10,"column":2},"end":{"line":10,"column":29}},"7":{"start":{"line":13,"column":1},"end":{"line":20,"column":3}},"8":{"start":{"line":13,"column":49},"end":{"line":20,"column":3}},"9":{"start":{"line":14,"column":13},"end":{"line":14,"column":34}},"10":{"start":{"line":15,"column":19},"end":{"line":15,"column":50}},"11":{"start":{"line":16,"column":2},"end":{"line":18,"column":3}},"12":{"start":{"line":17,"column":3},"end":{"line":17,"column":75}},"13":{"start":{"line":19,"column":2},"end":{"line":19,"column":28}},"14":{"start":{"line":22,"column":1},"end":{"line":31,"column":3}},"15":{"start":{"line":22,"column":48},"end":{"line":31,"column":3}},"16":{"start":{"line":23,"column":21},"end":{"line":23,"column":47}},"17":{"start":{"line":24,"column":2},"end":{"line":26,"column":3}},"18":{"start":{"line":25,"column":3},"end":{"line":25,"column":80}},"19":{"start":{"line":28,"column":22},"end":{"line":28,"column":65}},"20":{"start":{"line":30,"column":2},"end":{"line":30,"column":36}},"21":{"start":{"line":33,"column":1},"end":{"line":46,"column":3}},"22":{"start":{"line":33,"column":48},"end":{"line":46,"column":3}},"23":{"start":{"line":34,"column":13},"end":{"line":34,"column":34}},"24":{"start":{"line":35,"column":2},"end":{"line":45,"column":3}},"25":{"start":{"line":36,"column":18},"end":{"line":36,"column":48}},"26":{"start":{"line":37,"column":3},"end":{"line":37,"column":63}},"27":{"start":{"line":39,"column":3},"end":{"line":43,"column":4}},"28":{"start":{"line":40,"column":4},"end":{"line":42,"column":5}},"29":{"start":{"line":41,"column":5},"end":{"line":41,"column":68}},"30":{"start":{"line":44,"column":3},"end":{"line":44,"column":38}},"31":{"start":{"line":48,"column":1},"end":{"line":63,"column":3}},"32":{"start":{"line":48,"column":48},"end":{"line":63,"column":3}},"33":{"start":{"line":49,"column":21},"end":{"line":49,"column":54}},"34":{"start":{"line":51,"column":2},"end":{"line":53,"column":3}},"35":{"start":{"line":52,"column":3},"end":{"line":52,"column":80}},"36":{"start":{"line":55,"column":13},"end":{"line":55,"column":34}},"37":{"start":{"line":57,"column":26},"end":{"line":60,"column":4}},"38":{"start":{"line":62,"column":2},"end":{"line":62,"column":35}},"39":{"start":{"line":7,"column":0},"end":{"line":7,"column":13}}},"fnMap":{"0":{"name":"(anonymous_7)","decl":{"start":{"line":7,"column":0},"end":{"line":7,"column":13}},"loc":{"start":{"line":7,"column":0},"end":{"line":64,"column":1}}},"1":{"name":"(anonymous_8)","decl":{"start":{"line":8,"column":10},"end":{"line":8,"column":17}},"loc":{"start":{"line":8,"column":48},"end":{"line":11,"column":3}}},"2":{"name":"(anonymous_9)","decl":{"start":{"line":8,"column":48},"end":{"line":8,"column":null}},"loc":{"start":{"line":8,"column":48},"end":{"line":11,"column":2}}},"3":{"name":"(anonymous_10)","decl":{"start":{"line":13,"column":11},"end":{"line":13,"column":18}},"loc":{"start":{"line":13,"column":49},"end":{"line":20,"column":3}}},"4":{"name":"(anonymous_11)","decl":{"start":{"line":13,"column":49},"end":{"line":13,"column":null}},"loc":{"start":{"line":13,"column":49},"end":{"line":20,"column":2}}},"5":{"name":"(anonymous_12)","decl":{"start":{"line":22,"column":10},"end":{"line":22,"column":17}},"loc":{"start":{"line":22,"column":48},"end":{"line":31,"column":3}}},"6":{"name":"(anonymous_13)","decl":{"start":{"line":22,"column":48},"end":{"line":22,"column":null}},"loc":{"start":{"line":22,"column":48},"end":{"line":31,"column":2}}},"7":{"name":"(anonymous_14)","decl":{"start":{"line":33,"column":10},"end":{"line":33,"column":17}},"loc":{"start":{"line":33,"column":48},"end":{"line":46,"column":3}}},"8":{"name":"(anonymous_15)","decl":{"start":{"line":33,"column":48},"end":{"line":33,"column":null}},"loc":{"start":{"line":33,"column":48},"end":{"line":46,"column":2}}},"9":{"name":"(anonymous_16)","decl":{"start":{"line":48,"column":10},"end":{"line":48,"column":17}},"loc":{"start":{"line":48,"column":48},"end":{"line":63,"column":3}}},"10":{"name":"(anonymous_17)","decl":{"start":{"line":48,"column":48},"end":{"line":48,"column":null}},"loc":{"start":{"line":48,"column":48},"end":{"line":63,"column":2}}}},"branchMap":{"0":{"loc":{"start":{"line":16,"column":2},"end":{"line":18,"column":3}},"type":"if","locations":[{"start":{"line":16,"column":2},"end":{"line":18,"column":3}}]},"1":{"loc":{"start":{"line":24,"column":2},"end":{"line":26,"column":3}},"type":"if","locations":[{"start":{"line":24,"column":2},"end":{"line":26,"column":3}}]},"2":{"loc":{"start":{"line":39,"column":3},"end":{"line":43,"column":4}},"type":"if","locations":[{"start":{"line":39,"column":3},"end":{"line":43,"column":4}}]},"3":{"loc":{"start":{"line":40,"column":4},"end":{"line":42,"column":5}},"type":"if","locations":[{"start":{"line":40,"column":4},"end":{"line":42,"column":5}}]},"4":{"loc":{"start":{"line":51,"column":2},"end":{"line":53,"column":3}},"type":"if","locations":[{"start":{"line":51,"column":2},"end":{"line":53,"column":3}}]}},"s":{"0":2,"1":2,"2":2,"3":2,"4":0,"5":0,"6":0,"7":2,"8":0,"9":0,"10":0,"11":0,"12":0,"13":0,"14":2,"15":0,"16":0,"17":0,"18":0,"19":0,"20":0,"21":2,"22":0,"23":0,"24":0,"25":0,"26":0,"27":0,"28":0,"29":0,"30":0,"31":2,"32":0,"33":0,"34":0,"35":0,"36":0,"37":0,"38":0,"39":2},"f":{"0":2,"1":0,"2":0,"3":0,"4":0,"5":0,"6":0,"7":0,"8":0,"9":0,"10":0},"b":{"0":[0],"1":[0],"2":[0],"3":[0],"4":[0]}}
,"/home/krapp/programacion/sistema-puraesencia/backend/src/controllers/paymentMethod.ts": {"path":"/home/krapp/programacion/sistema-puraesencia/backend/src/controllers/paymentMethod.ts","statementMap":{"0":{"start":{"line":1,"column":0},"end":{"line":1,"column":95}},"1":{"start":{"line":3,"column":0},"end":{"line":3,"column":68}},"2":{"start":{"line":5,"column":0},"end":{"line":5,"column":40}},"3":{"start":{"line":8,"column":1},"end":{"line":15,"column":3}},"4":{"start":{"line":8,"column":48},"end":{"line":15,"column":3}},"5":{"start":{"line":9,"column":2},"end":{"line":14,"column":3}},"6":{"start":{"line":10,"column":22},"end":{"line":10,"column":55}},"7":{"start":{"line":11,"column":3},"end":{"line":11,"column":31}},"8":{"start":{"line":13,"column":3},"end":{"line":13,"column":31}},"9":{"start":{"line":17,"column":1},"end":{"line":28,"column":3}},"10":{"start":{"line":17,"column":49},"end":{"line":28,"column":3}},"11":{"start":{"line":18,"column":2},"end":{"line":27,"column":3}},"12":{"start":{"line":19,"column":14},"end":{"line":19,"column":35}},"13":{"start":{"line":20,"column":25},"end":{"line":20,"column":61}},"14":{"start":{"line":21,"column":3},"end":{"line":23,"column":4}},"15":{"start":{"line":22,"column":4},"end":{"line":22,"column":81}},"16":{"start":{"line":24,"column":3},"end":{"line":24,"column":34}},"17":{"start":{"line":26,"column":3},"end":{"line":26,"column":31}},"18":{"start":{"line":30,"column":1},"end":{"line":39,"column":3}},"19":{"start":{"line":30,"column":48},"end":{"line":39,"column":3}},"20":{"start":{"line":31,"column":21},"end":{"line":31,"column":52}},"21":{"start":{"line":32,"column":2},"end":{"line":34,"column":3}},"22":{"start":{"line":33,"column":3},"end":{"line":33,"column":80}},"23":{"start":{"line":36,"column":27},"end":{"line":36,"column":75}},"24":{"start":{"line":38,"column":2},"end":{"line":38,"column":41}},"25":{"start":{"line":41,"column":1},"end":{"line":54,"column":3}},"26":{"start":{"line":41,"column":48},"end":{"line":54,"column":3}},"27":{"start":{"line":42,"column":13},"end":{"line":42,"column":34}},"28":{"start":{"line":43,"column":2},"end":{"line":53,"column":3}},"29":{"start":{"line":44,"column":18},"end":{"line":44,"column":53}},"30":{"start":{"line":45,"column":3},"end":{"line":45,"column":69}},"31":{"start":{"line":47,"column":3},"end":{"line":51,"column":4}},"32":{"start":{"line":48,"column":4},"end":{"line":50,"column":5}},"33":{"start":{"line":49,"column":5},"end":{"line":49,"column":74}},"34":{"start":{"line":52,"column":3},"end":{"line":52,"column":38}},"35":{"start":{"line":56,"column":1},"end":{"line":71,"column":3}},"36":{"start":{"line":56,"column":48},"end":{"line":71,"column":3}},"37":{"start":{"line":57,"column":21},"end":{"line":57,"column":59}},"38":{"start":{"line":59,"column":2},"end":{"line":61,"column":3}},"39":{"start":{"line":60,"column":3},"end":{"line":60,"column":80}},"40":{"start":{"line":63,"column":13},"end":{"line":63,"column":34}},"41":{"start":{"line":65,"column":31},"end":{"line":68,"column":4}},"42":{"start":{"line":70,"column":2},"end":{"line":70,"column":40}},"43":{"start":{"line":7,"column":0},"end":{"line":7,"column":13}}},"fnMap":{"0":{"name":"(anonymous_7)","decl":{"start":{"line":7,"column":0},"end":{"line":7,"column":13}},"loc":{"start":{"line":7,"column":0},"end":{"line":72,"column":1}}},"1":{"name":"(anonymous_8)","decl":{"start":{"line":8,"column":10},"end":{"line":8,"column":17}},"loc":{"start":{"line":8,"column":48},"end":{"line":15,"column":3}}},"2":{"name":"(anonymous_9)","decl":{"start":{"line":8,"column":48},"end":{"line":8,"column":null}},"loc":{"start":{"line":8,"column":48},"end":{"line":15,"column":2}}},"3":{"name":"(anonymous_10)","decl":{"start":{"line":17,"column":11},"end":{"line":17,"column":18}},"loc":{"start":{"line":17,"column":49},"end":{"line":28,"column":3}}},"4":{"name":"(anonymous_11)","decl":{"start":{"line":17,"column":49},"end":{"line":17,"column":null}},"loc":{"start":{"line":17,"column":49},"end":{"line":28,"column":2}}},"5":{"name":"(anonymous_12)","decl":{"start":{"line":30,"column":10},"end":{"line":30,"column":17}},"loc":{"start":{"line":30,"column":48},"end":{"line":39,"column":3}}},"6":{"name":"(anonymous_13)","decl":{"start":{"line":30,"column":48},"end":{"line":30,"column":null}},"loc":{"start":{"line":30,"column":48},"end":{"line":39,"column":2}}},"7":{"name":"(anonymous_14)","decl":{"start":{"line":41,"column":10},"end":{"line":41,"column":17}},"loc":{"start":{"line":41,"column":48},"end":{"line":54,"column":3}}},"8":{"name":"(anonymous_15)","decl":{"start":{"line":41,"column":48},"end":{"line":41,"column":null}},"loc":{"start":{"line":41,"column":48},"end":{"line":54,"column":2}}},"9":{"name":"(anonymous_16)","decl":{"start":{"line":56,"column":10},"end":{"line":56,"column":17}},"loc":{"start":{"line":56,"column":48},"end":{"line":71,"column":3}}},"10":{"name":"(anonymous_17)","decl":{"start":{"line":56,"column":48},"end":{"line":56,"column":null}},"loc":{"start":{"line":56,"column":48},"end":{"line":71,"column":2}}}},"branchMap":{"0":{"loc":{"start":{"line":21,"column":3},"end":{"line":23,"column":4}},"type":"if","locations":[{"start":{"line":21,"column":3},"end":{"line":23,"column":4}}]},"1":{"loc":{"start":{"line":32,"column":2},"end":{"line":34,"column":3}},"type":"if","locations":[{"start":{"line":32,"column":2},"end":{"line":34,"column":3}}]},"2":{"loc":{"start":{"line":47,"column":3},"end":{"line":51,"column":4}},"type":"if","locations":[{"start":{"line":47,"column":3},"end":{"line":51,"column":4}}]},"3":{"loc":{"start":{"line":48,"column":4},"end":{"line":50,"column":5}},"type":"if","locations":[{"start":{"line":48,"column":4},"end":{"line":50,"column":5}}]},"4":{"loc":{"start":{"line":59,"column":2},"end":{"line":61,"column":3}},"type":"if","locations":[{"start":{"line":59,"column":2},"end":{"line":61,"column":3}}]}},"s":{"0":2,"1":2,"2":2,"3":2,"4":1,"5":1,"6":1,"7":1,"8":0,"9":2,"10":0,"11":0,"12":0,"13":0,"14":0,"15":0,"16":0,"17":0,"18":2,"19":0,"20":0,"21":0,"22":0,"23":0,"24":0,"25":2,"26":0,"27":0,"28":0,"29":0,"30":0,"31":0,"32":0,"33":0,"34":0,"35":2,"36":0,"37":0,"38":0,"39":0,"40":0,"41":0,"42":0,"43":2},"f":{"0":2,"1":1,"2":1,"3":0,"4":0,"5":0,"6":0,"7":0,"8":0,"9":0,"10":0},"b":{"0":[0],"1":[0],"2":[0],"3":[0],"4":[0]}}
,"/home/krapp/programacion/sistema-puraesencia/backend/src/controllers/product.ts": {"path":"/home/krapp/programacion/sistema-puraesencia/backend/src/controllers/product.ts","statementMap":{"0":{"start":{"line":1,"column":0},"end":{"line":1,"column":77}},"1":{"start":{"line":3,"column":0},"end":{"line":3,"column":56}},"2":{"start":{"line":5,"column":0},"end":{"line":5,"column":40}},"3":{"start":{"line":8,"column":1},"end":{"line":11,"column":3}},"4":{"start":{"line":8,"column":48},"end":{"line":11,"column":3}},"5":{"start":{"line":9,"column":19},"end":{"line":9,"column":46}},"6":{"start":{"line":10,"column":2},"end":{"line":10,"column":28}},"7":{"start":{"line":13,"column":1},"end":{"line":20,"column":3}},"8":{"start":{"line":13,"column":49},"end":{"line":20,"column":3}},"9":{"start":{"line":14,"column":13},"end":{"line":14,"column":34}},"10":{"start":{"line":15,"column":18},"end":{"line":15,"column":48}},"11":{"start":{"line":16,"column":2},"end":{"line":18,"column":3}},"12":{"start":{"line":17,"column":3},"end":{"line":17,"column":74}},"13":{"start":{"line":19,"column":2},"end":{"line":19,"column":27}},"14":{"start":{"line":22,"column":1},"end":{"line":31,"column":3}},"15":{"start":{"line":22,"column":48},"end":{"line":31,"column":3}},"16":{"start":{"line":23,"column":21},"end":{"line":23,"column":46}},"17":{"start":{"line":24,"column":2},"end":{"line":26,"column":3}},"18":{"start":{"line":25,"column":3},"end":{"line":25,"column":80}},"19":{"start":{"line":28,"column":21},"end":{"line":28,"column":63}},"20":{"start":{"line":30,"column":2},"end":{"line":30,"column":35}},"21":{"start":{"line":33,"column":1},"end":{"line":46,"column":3}},"22":{"start":{"line":33,"column":48},"end":{"line":46,"column":3}},"23":{"start":{"line":34,"column":13},"end":{"line":34,"column":34}},"24":{"start":{"line":35,"column":2},"end":{"line":45,"column":3}},"25":{"start":{"line":36,"column":18},"end":{"line":36,"column":47}},"26":{"start":{"line":37,"column":3},"end":{"line":37,"column":62}},"27":{"start":{"line":39,"column":3},"end":{"line":43,"column":4}},"28":{"start":{"line":40,"column":4},"end":{"line":42,"column":5}},"29":{"start":{"line":41,"column":5},"end":{"line":41,"column":67}},"30":{"start":{"line":44,"column":3},"end":{"line":44,"column":38}},"31":{"start":{"line":48,"column":1},"end":{"line":63,"column":3}},"32":{"start":{"line":48,"column":48},"end":{"line":63,"column":3}},"33":{"start":{"line":49,"column":21},"end":{"line":49,"column":53}},"34":{"start":{"line":51,"column":2},"end":{"line":53,"column":3}},"35":{"start":{"line":52,"column":3},"end":{"line":52,"column":80}},"36":{"start":{"line":55,"column":13},"end":{"line":55,"column":34}},"37":{"start":{"line":57,"column":25},"end":{"line":60,"column":4}},"38":{"start":{"line":62,"column":2},"end":{"line":62,"column":34}},"39":{"start":{"line":7,"column":0},"end":{"line":7,"column":13}}},"fnMap":{"0":{"name":"(anonymous_7)","decl":{"start":{"line":7,"column":0},"end":{"line":7,"column":13}},"loc":{"start":{"line":7,"column":0},"end":{"line":64,"column":1}}},"1":{"name":"(anonymous_8)","decl":{"start":{"line":8,"column":10},"end":{"line":8,"column":17}},"loc":{"start":{"line":8,"column":48},"end":{"line":11,"column":3}}},"2":{"name":"(anonymous_9)","decl":{"start":{"line":8,"column":48},"end":{"line":8,"column":null}},"loc":{"start":{"line":8,"column":48},"end":{"line":11,"column":2}}},"3":{"name":"(anonymous_10)","decl":{"start":{"line":13,"column":11},"end":{"line":13,"column":18}},"loc":{"start":{"line":13,"column":49},"end":{"line":20,"column":3}}},"4":{"name":"(anonymous_11)","decl":{"start":{"line":13,"column":49},"end":{"line":13,"column":null}},"loc":{"start":{"line":13,"column":49},"end":{"line":20,"column":2}}},"5":{"name":"(anonymous_12)","decl":{"start":{"line":22,"column":10},"end":{"line":22,"column":17}},"loc":{"start":{"line":22,"column":48},"end":{"line":31,"column":3}}},"6":{"name":"(anonymous_13)","decl":{"start":{"line":22,"column":48},"end":{"line":22,"column":null}},"loc":{"start":{"line":22,"column":48},"end":{"line":31,"column":2}}},"7":{"name":"(anonymous_14)","decl":{"start":{"line":33,"column":10},"end":{"line":33,"column":17}},"loc":{"start":{"line":33,"column":48},"end":{"line":46,"column":3}}},"8":{"name":"(anonymous_15)","decl":{"start":{"line":33,"column":48},"end":{"line":33,"column":null}},"loc":{"start":{"line":33,"column":48},"end":{"line":46,"column":2}}},"9":{"name":"(anonymous_16)","decl":{"start":{"line":48,"column":10},"end":{"line":48,"column":17}},"loc":{"start":{"line":48,"column":48},"end":{"line":63,"column":3}}},"10":{"name":"(anonymous_17)","decl":{"start":{"line":48,"column":48},"end":{"line":48,"column":null}},"loc":{"start":{"line":48,"column":48},"end":{"line":63,"column":2}}}},"branchMap":{"0":{"loc":{"start":{"line":16,"column":2},"end":{"line":18,"column":3}},"type":"if","locations":[{"start":{"line":16,"column":2},"end":{"line":18,"column":3}}]},"1":{"loc":{"start":{"line":24,"column":2},"end":{"line":26,"column":3}},"type":"if","locations":[{"start":{"line":24,"column":2},"end":{"line":26,"column":3}}]},"2":{"loc":{"start":{"line":39,"column":3},"end":{"line":43,"column":4}},"type":"if","locations":[{"start":{"line":39,"column":3},"end":{"line":43,"column":4}}]},"3":{"loc":{"start":{"line":40,"column":4},"end":{"line":42,"column":5}},"type":"if","locations":[{"start":{"line":40,"column":4},"end":{"line":42,"column":5}}]},"4":{"loc":{"start":{"line":51,"column":2},"end":{"line":53,"column":3}},"type":"if","locations":[{"start":{"line":51,"column":2},"end":{"line":53,"column":3}}]}},"s":{"0":2,"1":2,"2":2,"3":2,"4":0,"5":0,"6":0,"7":2,"8":0,"9":0,"10":0,"11":0,"12":0,"13":0,"14":2,"15":0,"16":0,"17":0,"18":0,"19":0,"20":0,"21":2,"22":0,"23":0,"24":0,"25":0,"26":0,"27":0,"28":0,"29":0,"30":0,"31":2,"32":0,"33":0,"34":0,"35":0,"36":0,"37":0,"38":0,"39":2},"f":{"0":2,"1":0,"2":0,"3":0,"4":0,"5":0,"6":0,"7":0,"8":0,"9":0,"10":0},"b":{"0":[0],"1":[0],"2":[0],"3":[0],"4":[0]}}
,"/home/krapp/programacion/sistema-puraesencia/backend/src/controllers/professional.ts": {"path":"/home/krapp/programacion/sistema-puraesencia/backend/src/controllers/professional.ts","statementMap":{"0":{"start":{"line":1,"column":0},"end":{"line":1,"column":92}},"1":{"start":{"line":3,"column":0},"end":{"line":3,"column":66}},"2":{"start":{"line":5,"column":0},"end":{"line":5,"column":40}},"3":{"start":{"line":8,"column":1},"end":{"line":11,"column":3}},"4":{"start":{"line":8,"column":48},"end":{"line":11,"column":3}},"5":{"start":{"line":9,"column":24},"end":{"line":9,"column":56}},"6":{"start":{"line":10,"column":2},"end":{"line":10,"column":33}},"7":{"start":{"line":13,"column":1},"end":{"line":20,"column":3}},"8":{"start":{"line":13,"column":49},"end":{"line":20,"column":3}},"9":{"start":{"line":14,"column":13},"end":{"line":14,"column":34}},"10":{"start":{"line":15,"column":23},"end":{"line":15,"column":58}},"11":{"start":{"line":16,"column":2},"end":{"line":18,"column":3}},"12":{"start":{"line":17,"column":3},"end":{"line":17,"column":79}},"13":{"start":{"line":19,"column":2},"end":{"line":19,"column":32}},"14":{"start":{"line":22,"column":1},"end":{"line":31,"column":3}},"15":{"start":{"line":22,"column":48},"end":{"line":31,"column":3}},"16":{"start":{"line":23,"column":21},"end":{"line":23,"column":51}},"17":{"start":{"line":24,"column":2},"end":{"line":26,"column":3}},"18":{"start":{"line":25,"column":3},"end":{"line":25,"column":80}},"19":{"start":{"line":28,"column":26},"end":{"line":28,"column":73}},"20":{"start":{"line":30,"column":2},"end":{"line":30,"column":40}},"21":{"start":{"line":33,"column":1},"end":{"line":46,"column":3}},"22":{"start":{"line":33,"column":48},"end":{"line":46,"column":3}},"23":{"start":{"line":34,"column":13},"end":{"line":34,"column":34}},"24":{"start":{"line":35,"column":2},"end":{"line":45,"column":3}},"25":{"start":{"line":36,"column":18},"end":{"line":36,"column":52}},"26":{"start":{"line":37,"column":3},"end":{"line":37,"column":67}},"27":{"start":{"line":39,"column":3},"end":{"line":43,"column":4}},"28":{"start":{"line":40,"column":4},"end":{"line":42,"column":5}},"29":{"start":{"line":41,"column":5},"end":{"line":41,"column":72}},"30":{"start":{"line":44,"column":3},"end":{"line":44,"column":38}},"31":{"start":{"line":48,"column":1},"end":{"line":63,"column":3}},"32":{"start":{"line":48,"column":48},"end":{"line":63,"column":3}},"33":{"start":{"line":49,"column":21},"end":{"line":49,"column":58}},"34":{"start":{"line":51,"column":2},"end":{"line":53,"column":3}},"35":{"start":{"line":52,"column":3},"end":{"line":52,"column":80}},"36":{"start":{"line":55,"column":13},"end":{"line":55,"column":34}},"37":{"start":{"line":57,"column":30},"end":{"line":60,"column":4}},"38":{"start":{"line":62,"column":2},"end":{"line":62,"column":39}},"39":{"start":{"line":7,"column":0},"end":{"line":7,"column":13}}},"fnMap":{"0":{"name":"(anonymous_7)","decl":{"start":{"line":7,"column":0},"end":{"line":7,"column":13}},"loc":{"start":{"line":7,"column":0},"end":{"line":64,"column":1}}},"1":{"name":"(anonymous_8)","decl":{"start":{"line":8,"column":10},"end":{"line":8,"column":17}},"loc":{"start":{"line":8,"column":48},"end":{"line":11,"column":3}}},"2":{"name":"(anonymous_9)","decl":{"start":{"line":8,"column":48},"end":{"line":8,"column":null}},"loc":{"start":{"line":8,"column":48},"end":{"line":11,"column":2}}},"3":{"name":"(anonymous_10)","decl":{"start":{"line":13,"column":11},"end":{"line":13,"column":18}},"loc":{"start":{"line":13,"column":49},"end":{"line":20,"column":3}}},"4":{"name":"(anonymous_11)","decl":{"start":{"line":13,"column":49},"end":{"line":13,"column":null}},"loc":{"start":{"line":13,"column":49},"end":{"line":20,"column":2}}},"5":{"name":"(anonymous_12)","decl":{"start":{"line":22,"column":10},"end":{"line":22,"column":17}},"loc":{"start":{"line":22,"column":48},"end":{"line":31,"column":3}}},"6":{"name":"(anonymous_13)","decl":{"start":{"line":22,"column":48},"end":{"line":22,"column":null}},"loc":{"start":{"line":22,"column":48},"end":{"line":31,"column":2}}},"7":{"name":"(anonymous_14)","decl":{"start":{"line":33,"column":10},"end":{"line":33,"column":17}},"loc":{"start":{"line":33,"column":48},"end":{"line":46,"column":3}}},"8":{"name":"(anonymous_15)","decl":{"start":{"line":33,"column":48},"end":{"line":33,"column":null}},"loc":{"start":{"line":33,"column":48},"end":{"line":46,"column":2}}},"9":{"name":"(anonymous_16)","decl":{"start":{"line":48,"column":10},"end":{"line":48,"column":17}},"loc":{"start":{"line":48,"column":48},"end":{"line":63,"column":3}}},"10":{"name":"(anonymous_17)","decl":{"start":{"line":48,"column":48},"end":{"line":48,"column":null}},"loc":{"start":{"line":48,"column":48},"end":{"line":63,"column":2}}}},"branchMap":{"0":{"loc":{"start":{"line":16,"column":2},"end":{"line":18,"column":3}},"type":"if","locations":[{"start":{"line":16,"column":2},"end":{"line":18,"column":3}}]},"1":{"loc":{"start":{"line":24,"column":2},"end":{"line":26,"column":3}},"type":"if","locations":[{"start":{"line":24,"column":2},"end":{"line":26,"column":3}}]},"2":{"loc":{"start":{"line":39,"column":3},"end":{"line":43,"column":4}},"type":"if","locations":[{"start":{"line":39,"column":3},"end":{"line":43,"column":4}}]},"3":{"loc":{"start":{"line":40,"column":4},"end":{"line":42,"column":5}},"type":"if","locations":[{"start":{"line":40,"column":4},"end":{"line":42,"column":5}}]},"4":{"loc":{"start":{"line":51,"column":2},"end":{"line":53,"column":3}},"type":"if","locations":[{"start":{"line":51,"column":2},"end":{"line":53,"column":3}}]}},"s":{"0":2,"1":2,"2":2,"3":2,"4":0,"5":0,"6":0,"7":2,"8":0,"9":0,"10":0,"11":0,"12":0,"13":0,"14":2,"15":0,"16":0,"17":0,"18":0,"19":0,"20":0,"21":2,"22":0,"23":0,"24":0,"25":0,"26":0,"27":0,"28":0,"29":0,"30":0,"31":2,"32":0,"33":0,"34":0,"35":0,"36":0,"37":0,"38":0,"39":2},"f":{"0":2,"1":0,"2":0,"3":0,"4":0,"5":0,"6":0,"7":0,"8":0,"9":0,"10":0},"b":{"0":[0],"1":[0],"2":[0],"3":[0],"4":[0]}}
,"/home/krapp/programacion/sistema-puraesencia/backend/src/controllers/professionalPayment.ts": {"path":"/home/krapp/programacion/sistema-puraesencia/backend/src/controllers/professionalPayment.ts","statementMap":{"0":{"start":{"line":1,"column":0},"end":{"line":1,"column":113}},"1":{"start":{"line":4,"column":0},"end":{"line":4,"column":80}},"2":{"start":{"line":6,"column":0},"end":{"line":6,"column":73}},"3":{"start":{"line":11,"column":1},"end":{"line":14,"column":3}},"4":{"start":{"line":11,"column":48},"end":{"line":14,"column":3}},"5":{"start":{"line":12,"column":31},"end":{"line":12,"column":70}},"6":{"start":{"line":13,"column":2},"end":{"line":13,"column":40}},"7":{"start":{"line":16,"column":1},"end":{"line":23,"column":3}},"8":{"start":{"line":16,"column":49},"end":{"line":23,"column":3}},"9":{"start":{"line":17,"column":13},"end":{"line":17,"column":34}},"10":{"start":{"line":18,"column":30},"end":{"line":18,"column":72}},"11":{"start":{"line":19,"column":2},"end":{"line":21,"column":3}},"12":{"start":{"line":20,"column":3},"end":{"line":20,"column":87}},"13":{"start":{"line":22,"column":2},"end":{"line":22,"column":39}},"14":{"start":{"line":25,"column":1},"end":{"line":38,"column":3}},"15":{"start":{"line":25,"column":48},"end":{"line":38,"column":3}},"16":{"start":{"line":26,"column":21},"end":{"line":26,"column":58}},"17":{"start":{"line":27,"column":2},"end":{"line":31,"column":3}},"18":{"start":{"line":28,"column":3},"end":{"line":30,"column":6}},"19":{"start":{"line":32,"column":33},"end":{"line":34,"column":null}},"20":{"start":{"line":37,"column":2},"end":{"line":37,"column":47}},"21":{"start":{"line":40,"column":1},"end":{"line":60,"column":3}},"22":{"start":{"line":40,"column":48},"end":{"line":60,"column":3}},"23":{"start":{"line":41,"column":21},"end":{"line":41,"column":65}},"24":{"start":{"line":43,"column":2},"end":{"line":45,"column":3}},"25":{"start":{"line":44,"column":3},"end":{"line":44,"column":80}},"26":{"start":{"line":47,"column":29},"end":{"line":50,"column":5}},"27":{"start":{"line":47,"column":85},"end":{"line":50,"column":5}},"28":{"start":{"line":52,"column":13},"end":{"line":52,"column":34}},"29":{"start":{"line":53,"column":37},"end":{"line":57,"column":4}},"30":{"start":{"line":59,"column":2},"end":{"line":59,"column":46}},"31":{"start":{"line":62,"column":1},"end":{"line":75,"column":3}},"32":{"start":{"line":62,"column":48},"end":{"line":75,"column":3}},"33":{"start":{"line":63,"column":13},"end":{"line":63,"column":34}},"34":{"start":{"line":64,"column":2},"end":{"line":74,"column":3}},"35":{"start":{"line":65,"column":18},"end":{"line":65,"column":59}},"36":{"start":{"line":66,"column":3},"end":{"line":66,"column":75}},"37":{"start":{"line":68,"column":3},"end":{"line":72,"column":4}},"38":{"start":{"line":69,"column":4},"end":{"line":71,"column":5}},"39":{"start":{"line":70,"column":5},"end":{"line":70,"column":80}},"40":{"start":{"line":73,"column":3},"end":{"line":73,"column":38}},"41":{"start":{"line":10,"column":0},"end":{"line":10,"column":13}}},"fnMap":{"0":{"name":"(anonymous_7)","decl":{"start":{"line":10,"column":0},"end":{"line":10,"column":13}},"loc":{"start":{"line":10,"column":0},"end":{"line":76,"column":1}}},"1":{"name":"(anonymous_8)","decl":{"start":{"line":11,"column":10},"end":{"line":11,"column":17}},"loc":{"start":{"line":11,"column":48},"end":{"line":14,"column":3}}},"2":{"name":"(anonymous_9)","decl":{"start":{"line":11,"column":48},"end":{"line":11,"column":null}},"loc":{"start":{"line":11,"column":48},"end":{"line":14,"column":2}}},"3":{"name":"(anonymous_10)","decl":{"start":{"line":16,"column":11},"end":{"line":16,"column":18}},"loc":{"start":{"line":16,"column":49},"end":{"line":23,"column":3}}},"4":{"name":"(anonymous_11)","decl":{"start":{"line":16,"column":49},"end":{"line":16,"column":null}},"loc":{"start":{"line":16,"column":49},"end":{"line":23,"column":2}}},"5":{"name":"(anonymous_12)","decl":{"start":{"line":25,"column":10},"end":{"line":25,"column":17}},"loc":{"start":{"line":25,"column":48},"end":{"line":38,"column":3}}},"6":{"name":"(anonymous_13)","decl":{"start":{"line":25,"column":48},"end":{"line":25,"column":null}},"loc":{"start":{"line":25,"column":48},"end":{"line":38,"column":2}}},"7":{"name":"(anonymous_14)","decl":{"start":{"line":40,"column":10},"end":{"line":40,"column":17}},"loc":{"start":{"line":40,"column":48},"end":{"line":60,"column":3}}},"8":{"name":"(anonymous_15)","decl":{"start":{"line":40,"column":48},"end":{"line":40,"column":null}},"loc":{"start":{"line":40,"column":48},"end":{"line":60,"column":2}}},"9":{"name":"(anonymous_16)","decl":{"start":{"line":47,"column":62},"end":{"line":47,"column":63}},"loc":{"start":{"line":47,"column":84},"end":{"line":50,"column":5}}},"10":{"name":"(anonymous_17)","decl":{"start":{"line":62,"column":10},"end":{"line":62,"column":17}},"loc":{"start":{"line":62,"column":48},"end":{"line":75,"column":3}}},"11":{"name":"(anonymous_18)","decl":{"start":{"line":62,"column":48},"end":{"line":62,"column":null}},"loc":{"start":{"line":62,"column":48},"end":{"line":75,"column":2}}}},"branchMap":{"0":{"loc":{"start":{"line":19,"column":2},"end":{"line":21,"column":3}},"type":"if","locations":[{"start":{"line":19,"column":2},"end":{"line":21,"column":3}}]},"1":{"loc":{"start":{"line":27,"column":2},"end":{"line":31,"column":3}},"type":"if","locations":[{"start":{"line":27,"column":2},"end":{"line":31,"column":3}}]},"2":{"loc":{"start":{"line":43,"column":2},"end":{"line":45,"column":3}},"type":"if","locations":[{"start":{"line":43,"column":2},"end":{"line":45,"column":3}}]},"3":{"loc":{"start":{"line":47,"column":29},"end":{"line":50,"column":5}},"type":"cond-expr","locations":[{"start":{"line":47,"column":56},"end":{"line":47,"column":58}},{"start":{"line":47,"column":56},"end":{"line":50,"column":5}}]},"4":{"loc":{"start":{"line":47,"column":29},"end":{"line":47,"column":58}},"type":"binary-expr","locations":[{"start":{"line":47,"column":29},"end":{"line":47,"column":58}},{"start":{"line":47,"column":56},"end":{"line":47,"column":58}}]},"5":{"loc":{"start":{"line":48,"column":7},"end":{"line":48,"column":38}},"type":"cond-expr","locations":[{"start":{"line":48,"column":34},"end":{"line":48,"column":36}},{"start":{"line":48,"column":34},"end":{"line":48,"column":38}}]},"6":{"loc":{"start":{"line":48,"column":7},"end":{"line":48,"column":36}},"type":"binary-expr","locations":[{"start":{"line":48,"column":7},"end":{"line":48,"column":36}},{"start":{"line":48,"column":34},"end":{"line":48,"column":36}}]},"7":{"loc":{"start":{"line":68,"column":3},"end":{"line":72,"column":4}},"type":"if","locations":[{"start":{"line":68,"column":3},"end":{"line":72,"column":4}}]},"8":{"loc":{"start":{"line":69,"column":4},"end":{"line":71,"column":5}},"type":"if","locations":[{"start":{"line":69,"column":4},"end":{"line":71,"column":5}}]}},"s":{"0":2,"1":2,"2":2,"3":2,"4":0,"5":0,"6":0,"7":2,"8":0,"9":0,"10":0,"11":0,"12":0,"13":0,"14":2,"15":0,"16":0,"17":0,"18":0,"19":0,"20":0,"21":2,"22":0,"23":0,"24":0,"25":0,"26":0,"27":0,"28":0,"29":0,"30":0,"31":2,"32":0,"33":0,"34":0,"35":0,"36":0,"37":0,"38":0,"39":0,"40":0,"41":2},"f":{"0":2,"1":0,"2":0,"3":0,"4":0,"5":0,"6":0,"7":0,"8":0,"9":0,"10":0,"11":0},"b":{"0":[0],"1":[0],"2":[0],"3":[0,0],"4":[0,0],"5":[0,0],"6":[0,0],"7":[0],"8":[0]}}
,"/home/krapp/programacion/sistema-puraesencia/backend/src/middlewares/cors.ts": {"path":"/home/krapp/programacion/sistema-puraesencia/backend/src/middlewares/cors.ts","statementMap":{"0":{"start":{"line":1,"column":0},"end":{"line":1,"column":24}},"1":{"start":{"line":4,"column":25},"end":{"line":4,"column":75}},"2":{"start":{"line":6,"column":30},"end":{"line":19,"column":3}},"3":{"start":{"line":7,"column":1},"end":{"line":19,"column":3}},"4":{"start":{"line":9,"column":3},"end":{"line":11,"column":4}},"5":{"start":{"line":10,"column":4},"end":{"line":10,"column":32}},"6":{"start":{"line":13,"column":3},"end":{"line":15,"column":4}},"7":{"start":{"line":14,"column":4},"end":{"line":14,"column":32}},"8":{"start":{"line":17,"column":3},"end":{"line":17,"column":53}},"9":{"start":{"line":6,"column":13},"end":{"line":6,"column":30}}},"fnMap":{"0":{"name":"(anonymous_1)","decl":{"start":{"line":6,"column":30},"end":{"line":6,"column":31}},"loc":{"start":{"line":7,"column":1},"end":{"line":19,"column":3}}},"1":{"name":"(anonymous_2)","decl":{"start":{"line":8,"column":10},"end":{"line":8,"column":11}},"loc":{"start":{"line":8,"column":31},"end":{"line":18,"column":3}}}},"branchMap":{"0":{"loc":{"start":{"line":6,"column":31},"end":{"line":6,"column":74}},"type":"default-arg","locations":[{"start":{"line":6,"column":72},"end":{"line":6,"column":74}}]},"1":{"loc":{"start":{"line":6,"column":33},"end":{"line":6,"column":67}},"type":"default-arg","locations":[{"start":{"line":6,"column":51},"end":{"line":6,"column":67}}]},"2":{"loc":{"start":{"line":9,"column":3},"end":{"line":11,"column":4}},"type":"if","locations":[{"start":{"line":9,"column":3},"end":{"line":11,"column":4}}]},"3":{"loc":{"start":{"line":13,"column":3},"end":{"line":15,"column":4}},"type":"if","locations":[{"start":{"line":13,"column":3},"end":{"line":15,"column":4}}]}},"s":{"0":2,"1":2,"2":2,"3":2,"4":2,"5":2,"6":0,"7":0,"8":0,"9":2},"f":{"0":2,"1":2},"b":{"0":[2],"1":[2],"2":[2],"3":[0]}}
,"/home/krapp/programacion/sistema-puraesencia/backend/src/models/prisma/category.ts": {"path":"/home/krapp/programacion/sistema-puraesencia/backend/src/models/prisma/category.ts","statementMap":{"0":{"start":{"line":2,"column":0},"end":{"line":2,"column":30}},"1":{"start":{"line":10,"column":2},"end":{"line":10,"column":42}},"2":{"start":{"line":14,"column":2},"end":{"line":18,"column":5}},"3":{"start":{"line":22,"column":2},"end":{"line":24,"column":5}},"4":{"start":{"line":27,"column":21},"end":{"line":32,"column":null}},"5":{"start":{"line":28,"column":2},"end":{"line":31,"column":5}},"6":{"start":{"line":35,"column":2},"end":{"line":39,"column":5}},"7":{"start":{"line":8,"column":0},"end":{"line":8,"column":13}}},"fnMap":{"0":{"name":"(anonymous_8)","decl":{"start":{"line":9,"column":1},"end":{"line":9,"column":7}},"loc":{"start":{"line":9,"column":20},"end":{"line":11,"column":null}}},"1":{"name":"(anonymous_10)","decl":{"start":{"line":13,"column":1},"end":{"line":13,"column":7}},"loc":{"start":{"line":13,"column":30},"end":{"line":19,"column":null}}},"2":{"name":"(anonymous_12)","decl":{"start":{"line":21,"column":1},"end":{"line":21,"column":7}},"loc":{"start":{"line":21,"column":44},"end":{"line":25,"column":null}}},"3":{"name":"(anonymous_14)","decl":{"start":{"line":27,"column":1},"end":{"line":27,"column":7}},"loc":{"start":{"line":27,"column":20},"end":{"line":32,"column":null}}},"4":{"name":"(anonymous_15)","decl":{"start":{"line":27,"column":21},"end":{"line":27,"column":23}},"loc":{"start":{"line":27,"column":80},"end":{"line":32,"column":2}}},"5":{"name":"(anonymous_16)","decl":{"start":{"line":34,"column":1},"end":{"line":34,"column":7}},"loc":{"start":{"line":34,"column":29},"end":{"line":40,"column":null}}}},"branchMap":{},"s":{"0":2,"1":0,"2":0,"3":0,"4":0,"5":0,"6":0,"7":2},"f":{"0":0,"1":0,"2":0,"3":0,"4":0,"5":0},"b":{}}
,"/home/krapp/programacion/sistema-puraesencia/backend/src/models/prisma/client.ts": {"path":"/home/krapp/programacion/sistema-puraesencia/backend/src/models/prisma/client.ts","statementMap":{"0":{"start":{"line":3,"column":0},"end":{"line":3,"column":46}},"1":{"start":{"line":5,"column":13},"end":{"line":5,"column":31}},"2":{"start":{"line":7,"column":0},"end":{"line":7,"column":22}}},"fnMap":{},"branchMap":{},"s":{"0":2,"1":2,"2":2},"f":{},"b":{}}
,"/home/krapp/programacion/sistema-puraesencia/backend/src/models/prisma/customer.ts": {"path":"/home/krapp/programacion/sistema-puraesencia/backend/src/models/prisma/customer.ts","statementMap":{"0":{"start":{"line":3,"column":0},"end":{"line":3,"column":30}},"1":{"start":{"line":10,"column":2},"end":{"line":10,"column":42}},"2":{"start":{"line":14,"column":19},"end":{"line":18,"column":4}},"3":{"start":{"line":20,"column":2},"end":{"line":20,"column":18}},"4":{"start":{"line":24,"column":26},"end":{"line":24,"column":74}},"5":{"start":{"line":25,"column":2},"end":{"line":25,"column":25}},"6":{"start":{"line":28,"column":21},"end":{"line":36,"column":null}},"7":{"start":{"line":29,"column":26},"end":{"line":34,"column":4}},"8":{"start":{"line":35,"column":2},"end":{"line":35,"column":25}},"9":{"start":{"line":39,"column":26},"end":{"line":43,"column":4}},"10":{"start":{"line":44,"column":2},"end":{"line":44,"column":25}},"11":{"start":{"line":8,"column":0},"end":{"line":8,"column":13}}},"fnMap":{"0":{"name":"(anonymous_8)","decl":{"start":{"line":9,"column":1},"end":{"line":9,"column":7}},"loc":{"start":{"line":9,"column":20},"end":{"line":11,"column":null}}},"1":{"name":"(anonymous_10)","decl":{"start":{"line":13,"column":1},"end":{"line":13,"column":7}},"loc":{"start":{"line":13,"column":30},"end":{"line":21,"column":null}}},"2":{"name":"(anonymous_12)","decl":{"start":{"line":23,"column":1},"end":{"line":23,"column":7}},"loc":{"start":{"line":23,"column":44},"end":{"line":26,"column":null}}},"3":{"name":"(anonymous_14)","decl":{"start":{"line":28,"column":1},"end":{"line":28,"column":7}},"loc":{"start":{"line":28,"column":20},"end":{"line":36,"column":null}}},"4":{"name":"(anonymous_15)","decl":{"start":{"line":28,"column":21},"end":{"line":28,"column":23}},"loc":{"start":{"line":28,"column":80},"end":{"line":36,"column":2}}},"5":{"name":"(anonymous_16)","decl":{"start":{"line":38,"column":1},"end":{"line":38,"column":7}},"loc":{"start":{"line":38,"column":29},"end":{"line":45,"column":null}}}},"branchMap":{},"s":{"0":2,"1":0,"2":0,"3":0,"4":0,"5":0,"6":0,"7":0,"8":0,"9":0,"10":0,"11":2},"f":{"0":0,"1":0,"2":0,"3":0,"4":0,"5":0},"b":{}}
,"/home/krapp/programacion/sistema-puraesencia/backend/src/models/prisma/paymentMethod.ts": {"path":"/home/krapp/programacion/sistema-puraesencia/backend/src/models/prisma/paymentMethod.ts","statementMap":{"0":{"start":{"line":3,"column":0},"end":{"line":3,"column":30}},"1":{"start":{"line":9,"column":2},"end":{"line":9,"column":47}},"2":{"start":{"line":13,"column":2},"end":{"line":17,"column":5}},"3":{"start":{"line":20,"column":2},"end":{"line":20,"column":68}},"4":{"start":{"line":23,"column":21},"end":{"line":36,"column":null}},"5":{"start":{"line":30,"column":2},"end":{"line":35,"column":5}},"6":{"start":{"line":39,"column":2},"end":{"line":43,"column":5}},"7":{"start":{"line":7,"column":0},"end":{"line":7,"column":13}}},"fnMap":{"0":{"name":"(anonymous_8)","decl":{"start":{"line":8,"column":1},"end":{"line":8,"column":7}},"loc":{"start":{"line":8,"column":20},"end":{"line":10,"column":null}}},"1":{"name":"(anonymous_10)","decl":{"start":{"line":12,"column":1},"end":{"line":12,"column":7}},"loc":{"start":{"line":12,"column":30},"end":{"line":18,"column":null}}},"2":{"name":"(anonymous_12)","decl":{"start":{"line":19,"column":1},"end":{"line":19,"column":7}},"loc":{"start":{"line":19,"column":54},"end":{"line":21,"column":null}}},"3":{"name":"(anonymous_14)","decl":{"start":{"line":23,"column":1},"end":{"line":23,"column":7}},"loc":{"start":{"line":23,"column":20},"end":{"line":36,"column":null}}},"4":{"name":"(anonymous_15)","decl":{"start":{"line":23,"column":21},"end":{"line":23,"column":null}},"loc":{"start":{"line":29,"column":2},"end":{"line":36,"column":2}}},"5":{"name":"(anonymous_16)","decl":{"start":{"line":38,"column":1},"end":{"line":38,"column":7}},"loc":{"start":{"line":38,"column":29},"end":{"line":44,"column":null}}}},"branchMap":{},"s":{"0":2,"1":1,"2":0,"3":0,"4":0,"5":0,"6":0,"7":2},"f":{"0":1,"1":0,"2":0,"3":0,"4":0,"5":0},"b":{}}
,"/home/krapp/programacion/sistema-puraesencia/backend/src/models/prisma/product.ts": {"path":"/home/krapp/programacion/sistema-puraesencia/backend/src/models/prisma/product.ts","statementMap":{"0":{"start":{"line":1,"column":0},"end":{"line":1,"column":30}},"1":{"start":{"line":8,"column":2},"end":{"line":8,"column":41}},"2":{"start":{"line":12,"column":2},"end":{"line":16,"column":5}},"3":{"start":{"line":20,"column":2},"end":{"line":22,"column":5}},"4":{"start":{"line":25,"column":21},"end":{"line":30,"column":null}},"5":{"start":{"line":26,"column":2},"end":{"line":29,"column":5}},"6":{"start":{"line":33,"column":2},"end":{"line":37,"column":5}},"7":{"start":{"line":6,"column":0},"end":{"line":6,"column":13}}},"fnMap":{"0":{"name":"(anonymous_8)","decl":{"start":{"line":7,"column":1},"end":{"line":7,"column":7}},"loc":{"start":{"line":7,"column":20},"end":{"line":9,"column":null}}},"1":{"name":"(anonymous_10)","decl":{"start":{"line":11,"column":1},"end":{"line":11,"column":7}},"loc":{"start":{"line":11,"column":30},"end":{"line":17,"column":null}}},"2":{"name":"(anonymous_12)","decl":{"start":{"line":19,"column":1},"end":{"line":19,"column":7}},"loc":{"start":{"line":19,"column":42},"end":{"line":23,"column":null}}},"3":{"name":"(anonymous_14)","decl":{"start":{"line":25,"column":1},"end":{"line":25,"column":7}},"loc":{"start":{"line":25,"column":20},"end":{"line":30,"column":null}}},"4":{"name":"(anonymous_15)","decl":{"start":{"line":25,"column":21},"end":{"line":25,"column":23}},"loc":{"start":{"line":25,"column":77},"end":{"line":30,"column":2}}},"5":{"name":"(anonymous_16)","decl":{"start":{"line":32,"column":1},"end":{"line":32,"column":7}},"loc":{"start":{"line":32,"column":29},"end":{"line":38,"column":null}}}},"branchMap":{},"s":{"0":2,"1":0,"2":0,"3":0,"4":0,"5":0,"6":0,"7":2},"f":{"0":0,"1":0,"2":0,"3":0,"4":0,"5":0},"b":{}}
,"/home/krapp/programacion/sistema-puraesencia/backend/src/models/prisma/professional.ts": {"path":"/home/krapp/programacion/sistema-puraesencia/backend/src/models/prisma/professional.ts","statementMap":{"0":{"start":{"line":3,"column":0},"end":{"line":3,"column":30}},"1":{"start":{"line":9,"column":2},"end":{"line":9,"column":46}},"2":{"start":{"line":13,"column":2},"end":{"line":17,"column":5}},"3":{"start":{"line":21,"column":2},"end":{"line":21,"column":66}},"4":{"start":{"line":24,"column":21},"end":{"line":31,"column":null}},"5":{"start":{"line":25,"column":2},"end":{"line":30,"column":5}},"6":{"start":{"line":34,"column":2},"end":{"line":38,"column":5}},"7":{"start":{"line":7,"column":0},"end":{"line":7,"column":13}}},"fnMap":{"0":{"name":"(anonymous_8)","decl":{"start":{"line":8,"column":1},"end":{"line":8,"column":7}},"loc":{"start":{"line":8,"column":20},"end":{"line":10,"column":null}}},"1":{"name":"(anonymous_10)","decl":{"start":{"line":12,"column":1},"end":{"line":12,"column":7}},"loc":{"start":{"line":12,"column":30},"end":{"line":18,"column":null}}},"2":{"name":"(anonymous_12)","decl":{"start":{"line":20,"column":1},"end":{"line":20,"column":7}},"loc":{"start":{"line":20,"column":52},"end":{"line":22,"column":null}}},"3":{"name":"(anonymous_14)","decl":{"start":{"line":24,"column":1},"end":{"line":24,"column":7}},"loc":{"start":{"line":24,"column":20},"end":{"line":31,"column":null}}},"4":{"name":"(anonymous_15)","decl":{"start":{"line":24,"column":21},"end":{"line":24,"column":23}},"loc":{"start":{"line":24,"column":92},"end":{"line":31,"column":2}}},"5":{"name":"(anonymous_16)","decl":{"start":{"line":33,"column":1},"end":{"line":33,"column":7}},"loc":{"start":{"line":33,"column":29},"end":{"line":39,"column":null}}}},"branchMap":{},"s":{"0":2,"1":0,"2":0,"3":0,"4":0,"5":0,"6":0,"7":2},"f":{"0":0,"1":0,"2":0,"3":0,"4":0,"5":0},"b":{}}
,"/home/krapp/programacion/sistema-puraesencia/backend/src/models/prisma/professionalPayment.ts": {"path":"/home/krapp/programacion/sistema-puraesencia/backend/src/models/prisma/professionalPayment.ts","statementMap":{"0":{"start":{"line":3,"column":0},"end":{"line":3,"column":30}},"1":{"start":{"line":10,"column":2},"end":{"line":10,"column":54}},"2":{"start":{"line":14,"column":2},"end":{"line":18,"column":5}},"3":{"start":{"line":25,"column":2},"end":{"line":57,"column":3}},"4":{"start":{"line":31,"column":3},"end":{"line":53,"column":6}},"5":{"start":{"line":31,"column":53},"end":{"line":53,"column":5}},"6":{"start":{"line":32,"column":35},"end":{"line":49,"column":6}},"7":{"start":{"line":41,"column":51},"end":{"line":46,"column":9}},"8":{"start":{"line":51,"column":4},"end":{"line":51,"column":77}},"9":{"start":{"line":52,"column":4},"end":{"line":52,"column":34}},"10":{"start":{"line":55,"column":3},"end":{"line":55,"column":20}},"11":{"start":{"line":56,"column":3},"end":{"line":56,"column":65}},"12":{"start":{"line":61,"column":2},"end":{"line":70,"column":20}},"13":{"start":{"line":62,"column":27},"end":{"line":65,"column":5}},"14":{"start":{"line":67,"column":3},"end":{"line":69,"column":4}},"15":{"start":{"line":68,"column":4},"end":{"line":68,"column":50}},"16":{"start":{"line":77,"column":2},"end":{"line":109,"column":3}},"17":{"start":{"line":78,"column":3},"end":{"line":105,"column":6}},"18":{"start":{"line":78,"column":53},"end":{"line":105,"column":5}},"19":{"start":{"line":80,"column":27},"end":{"line":103,"column":6}},"20":{"start":{"line":93,"column":60},"end":{"line":96,"column":11}},"21":{"start":{"line":104,"column":4},"end":{"line":104,"column":26}},"22":{"start":{"line":107,"column":3},"end":{"line":107,"column":20}},"23":{"start":{"line":108,"column":3},"end":{"line":108,"column":60}},"24":{"start":{"line":113,"column":2},"end":{"line":117,"column":5}},"25":{"start":{"line":8,"column":0},"end":{"line":8,"column":13}}},"fnMap":{"0":{"name":"(anonymous_8)","decl":{"start":{"line":9,"column":1},"end":{"line":9,"column":7}},"loc":{"start":{"line":9,"column":20},"end":{"line":11,"column":null}}},"1":{"name":"(anonymous_10)","decl":{"start":{"line":13,"column":1},"end":{"line":13,"column":7}},"loc":{"start":{"line":13,"column":30},"end":{"line":19,"column":null}}},"2":{"name":"(anonymous_12)","decl":{"start":{"line":20,"column":1},"end":{"line":20,"column":7}},"loc":{"start":{"line":24,"column":2},"end":{"line":58,"column":null}}},"3":{"name":"(anonymous_14)","decl":{"start":{"line":31,"column":36},"end":{"line":31,"column":43}},"loc":{"start":{"line":31,"column":53},"end":{"line":53,"column":5}}},"4":{"name":"(anonymous_15)","decl":{"start":{"line":31,"column":53},"end":{"line":31,"column":null}},"loc":{"start":{"line":31,"column":53},"end":{"line":53,"column":4}}},"5":{"name":"(anonymous_16)","decl":{"start":{"line":41,"column":37},"end":{"line":41,"column":38}},"loc":{"start":{"line":41,"column":51},"end":{"line":46,"column":9}}},"6":{"name":"(anonymous_17)","decl":{"start":{"line":60,"column":1},"end":{"line":60,"column":7}},"loc":{"start":{"line":60,"column":97},"end":{"line":71,"column":null}}},"7":{"name":"(anonymous_19)","decl":{"start":{"line":73,"column":1},"end":{"line":73,"column":7}},"loc":{"start":{"line":75,"column":101},"end":{"line":110,"column":null}}},"8":{"name":"(anonymous_21)","decl":{"start":{"line":78,"column":36},"end":{"line":78,"column":43}},"loc":{"start":{"line":78,"column":53},"end":{"line":105,"column":5}}},"9":{"name":"(anonymous_22)","decl":{"start":{"line":78,"column":53},"end":{"line":78,"column":null}},"loc":{"start":{"line":78,"column":53},"end":{"line":105,"column":4}}},"10":{"name":"(anonymous_23)","decl":{"start":{"line":93,"column":43},"end":{"line":93,"column":44}},"loc":{"start":{"line":93,"column":60},"end":{"line":96,"column":11}}},"11":{"name":"(anonymous_24)","decl":{"start":{"line":112,"column":1},"end":{"line":112,"column":7}},"loc":{"start":{"line":112,"column":29},"end":{"line":118,"column":null}}}},"branchMap":{"0":{"loc":{"start":{"line":67,"column":3},"end":{"line":69,"column":4}},"type":"if","locations":[{"start":{"line":67,"column":3},"end":{"line":69,"column":4}}]},"1":{"loc":{"start":{"line":84,"column":20},"end":{"line":90,"column":18}},"type":"cond-expr","locations":[{"start":{"line":85,"column":9},"end":{"line":89,"column":null}},{"start":{"line":90,"column":9},"end":{"line":90,"column":18}}]},"2":{"loc":{"start":{"line":91,"column":19},"end":{"line":98,"column":18}},"type":"cond-expr","locations":[{"start":{"line":92,"column":9},"end":{"line":97,"column":null}},{"start":{"line":98,"column":9},"end":{"line":98,"column":18}}]}},"s":{"0":2,"1":0,"2":0,"3":0,"4":0,"5":0,"6":0,"7":0,"8":0,"9":0,"10":0,"11":0,"12":0,"13":0,"14":0,"15":0,"16":0,"17":0,"18":0,"19":0,"20":0,"21":0,"22":0,"23":0,"24":0,"25":2},"f":{"0":0,"1":0,"2":0,"3":0,"4":0,"5":0,"6":0,"7":0,"8":0,"9":0,"10":0,"11":0},"b":{"0":[0],"1":[0,0],"2":[0,0]}}
,"/home/krapp/programacion/sistema-puraesencia/backend/src/routes/categories.routes.ts": {"path":"/home/krapp/programacion/sistema-puraesencia/backend/src/routes/categories.routes.ts","statementMap":{"0":{"start":{"line":1,"column":0},"end":{"line":1,"column":33}},"1":{"start":{"line":2,"column":0},"end":{"line":2,"column":61}},"2":{"start":{"line":4,"column":38},"end":{"line":17,"column":1}},"3":{"start":{"line":5,"column":26},"end":{"line":5,"column":34}},"4":{"start":{"line":7,"column":28},"end":{"line":7,"column":52}},"5":{"start":{"line":9,"column":1},"end":{"line":9,"column":54}},"6":{"start":{"line":10,"column":1},"end":{"line":10,"column":55}},"7":{"start":{"line":12,"column":1},"end":{"line":12,"column":58}},"8":{"start":{"line":13,"column":1},"end":{"line":13,"column":60}},"9":{"start":{"line":14,"column":1},"end":{"line":14,"column":59}},"10":{"start":{"line":16,"column":1},"end":{"line":16,"column":25}},"11":{"start":{"line":4,"column":13},"end":{"line":4,"column":38}}},"fnMap":{"0":{"name":"(anonymous_0)","decl":{"start":{"line":4,"column":38},"end":{"line":4,"column":41}},"loc":{"start":{"line":4,"column":43},"end":{"line":17,"column":1}}}},"branchMap":{},"s":{"0":2,"1":2,"2":2,"3":2,"4":2,"5":2,"6":2,"7":2,"8":2,"9":2,"10":2,"11":2},"f":{"0":2},"b":{}}
,"/home/krapp/programacion/sistema-puraesencia/backend/src/routes/customer.routes.ts": {"path":"/home/krapp/programacion/sistema-puraesencia/backend/src/routes/customer.routes.ts","statementMap":{"0":{"start":{"line":1,"column":0},"end":{"line":1,"column":33}},"1":{"start":{"line":2,"column":0},"end":{"line":2,"column":61}},"2":{"start":{"line":4,"column":37},"end":{"line":17,"column":1}},"3":{"start":{"line":5,"column":25},"end":{"line":5,"column":33}},"4":{"start":{"line":7,"column":28},"end":{"line":7,"column":52}},"5":{"start":{"line":9,"column":1},"end":{"line":9,"column":53}},"6":{"start":{"line":10,"column":1},"end":{"line":10,"column":54}},"7":{"start":{"line":12,"column":1},"end":{"line":12,"column":57}},"8":{"start":{"line":13,"column":1},"end":{"line":13,"column":59}},"9":{"start":{"line":14,"column":1},"end":{"line":14,"column":58}},"10":{"start":{"line":16,"column":1},"end":{"line":16,"column":24}},"11":{"start":{"line":4,"column":13},"end":{"line":4,"column":37}}},"fnMap":{"0":{"name":"(anonymous_0)","decl":{"start":{"line":4,"column":37},"end":{"line":4,"column":40}},"loc":{"start":{"line":4,"column":42},"end":{"line":17,"column":1}}}},"branchMap":{},"s":{"0":2,"1":2,"2":2,"3":2,"4":2,"5":2,"6":2,"7":2,"8":2,"9":2,"10":2,"11":2},"f":{"0":2},"b":{}}
,"/home/krapp/programacion/sistema-puraesencia/backend/src/routes/paymentMethods.routes.ts": {"path":"/home/krapp/programacion/sistema-puraesencia/backend/src/routes/paymentMethods.routes.ts","statementMap":{"0":{"start":{"line":1,"column":0},"end":{"line":1,"column":33}},"1":{"start":{"line":2,"column":0},"end":{"line":2,"column":71}},"2":{"start":{"line":4,"column":42},"end":{"line":17,"column":1}},"3":{"start":{"line":5,"column":30},"end":{"line":5,"column":38}},"4":{"start":{"line":7,"column":33},"end":{"line":7,"column":62}},"5":{"start":{"line":9,"column":1},"end":{"line":9,"column":63}},"6":{"start":{"line":10,"column":1},"end":{"line":10,"column":64}},"7":{"start":{"line":12,"column":1},"end":{"line":12,"column":67}},"8":{"start":{"line":13,"column":1},"end":{"line":13,"column":69}},"9":{"start":{"line":14,"column":1},"end":{"line":14,"column":68}},"10":{"start":{"line":16,"column":1},"end":{"line":16,"column":29}},"11":{"start":{"line":4,"column":13},"end":{"line":4,"column":42}}},"fnMap":{"0":{"name":"(anonymous_0)","decl":{"start":{"line":4,"column":42},"end":{"line":4,"column":45}},"loc":{"start":{"line":4,"column":47},"end":{"line":17,"column":1}}}},"branchMap":{},"s":{"0":2,"1":2,"2":2,"3":2,"4":2,"5":2,"6":2,"7":2,"8":2,"9":2,"10":2,"11":2},"f":{"0":2},"b":{}}
,"/home/krapp/programacion/sistema-puraesencia/backend/src/routes/products.routes.ts": {"path":"/home/krapp/programacion/sistema-puraesencia/backend/src/routes/products.routes.ts","statementMap":{"0":{"start":{"line":1,"column":0},"end":{"line":1,"column":33}},"1":{"start":{"line":2,"column":0},"end":{"line":2,"column":59}},"2":{"start":{"line":4,"column":36},"end":{"line":17,"column":1}},"3":{"start":{"line":5,"column":24},"end":{"line":5,"column":32}},"4":{"start":{"line":7,"column":27},"end":{"line":7,"column":50}},"5":{"start":{"line":9,"column":1},"end":{"line":9,"column":51}},"6":{"start":{"line":10,"column":1},"end":{"line":10,"column":52}},"7":{"start":{"line":12,"column":1},"end":{"line":12,"column":55}},"8":{"start":{"line":13,"column":1},"end":{"line":13,"column":57}},"9":{"start":{"line":14,"column":1},"end":{"line":14,"column":56}},"10":{"start":{"line":16,"column":1},"end":{"line":16,"column":23}},"11":{"start":{"line":4,"column":13},"end":{"line":4,"column":36}}},"fnMap":{"0":{"name":"(anonymous_0)","decl":{"start":{"line":4,"column":36},"end":{"line":4,"column":39}},"loc":{"start":{"line":4,"column":41},"end":{"line":17,"column":1}}}},"branchMap":{},"s":{"0":2,"1":2,"2":2,"3":2,"4":2,"5":2,"6":2,"7":2,"8":2,"9":2,"10":2,"11":2},"f":{"0":2},"b":{}}
,"/home/krapp/programacion/sistema-puraesencia/backend/src/routes/professionals.routes.ts": {"path":"/home/krapp/programacion/sistema-puraesencia/backend/src/routes/professionals.routes.ts","statementMap":{"0":{"start":{"line":1,"column":0},"end":{"line":1,"column":33}},"1":{"start":{"line":2,"column":0},"end":{"line":2,"column":69}},"2":{"start":{"line":3,"column":0},"end":{"line":3,"column":84}},"3":{"start":{"line":5,"column":41},"end":{"line":28,"column":1}},"4":{"start":{"line":6,"column":29},"end":{"line":6,"column":37}},"5":{"start":{"line":8,"column":32},"end":{"line":8,"column":60}},"6":{"start":{"line":9,"column":40},"end":{"line":9,"column":76}},"7":{"start":{"line":11,"column":1},"end":{"line":11,"column":61}},"8":{"start":{"line":12,"column":1},"end":{"line":12,"column":62}},"9":{"start":{"line":14,"column":1},"end":{"line":14,"column":65}},"10":{"start":{"line":15,"column":1},"end":{"line":15,"column":67}},"11":{"start":{"line":16,"column":1},"end":{"line":16,"column":66}},"12":{"start":{"line":19,"column":1},"end":{"line":19,"column":82}},"13":{"start":{"line":20,"column":1},"end":{"line":20,"column":83}},"14":{"start":{"line":22,"column":1},"end":{"line":22,"column":93}},"15":{"start":{"line":24,"column":1},"end":{"line":24,"column":94}},"16":{"start":{"line":25,"column":1},"end":{"line":25,"column":95}},"17":{"start":{"line":27,"column":1},"end":{"line":27,"column":28}},"18":{"start":{"line":5,"column":13},"end":{"line":5,"column":41}}},"fnMap":{"0":{"name":"(anonymous_0)","decl":{"start":{"line":5,"column":41},"end":{"line":5,"column":44}},"loc":{"start":{"line":5,"column":46},"end":{"line":28,"column":1}}}},"branchMap":{},"s":{"0":2,"1":2,"2":2,"3":2,"4":2,"5":2,"6":2,"7":2,"8":2,"9":2,"10":2,"11":2,"12":2,"13":2,"14":2,"15":2,"16":2,"17":2,"18":2},"f":{"0":2},"b":{}}
,"/home/krapp/programacion/sistema-puraesencia/backend/src/schemas/category.ts": {"path":"/home/krapp/programacion/sistema-puraesencia/backend/src/schemas/category.ts","statementMap":{"0":{"start":{"line":1,"column":0},"end":{"line":1,"column":20}},"1":{"start":{"line":3,"column":23},"end":{"line":5,"column":2}},"2":{"start":{"line":10,"column":1},"end":{"line":10,"column":40}},"3":{"start":{"line":9,"column":0},"end":{"line":9,"column":16}},"4":{"start":{"line":13,"column":1},"end":{"line":13,"column":50}},"5":{"start":{"line":12,"column":0},"end":{"line":12,"column":16}}},"fnMap":{"0":{"name":"validateCategory","decl":{"start":{"line":9,"column":16},"end":{"line":9,"column":32}},"loc":{"start":{"line":9,"column":48},"end":{"line":11,"column":1}}},"1":{"name":"validatePartialCategory","decl":{"start":{"line":12,"column":16},"end":{"line":12,"column":39}},"loc":{"start":{"line":12,"column":64},"end":{"line":14,"column":1}}}},"branchMap":{},"s":{"0":2,"1":2,"2":0,"3":2,"4":0,"5":2},"f":{"0":0,"1":0},"b":{}}
,"/home/krapp/programacion/sistema-puraesencia/backend/src/schemas/customer.ts": {"path":"/home/krapp/programacion/sistema-puraesencia/backend/src/schemas/customer.ts","statementMap":{"0":{"start":{"line":1,"column":0},"end":{"line":1,"column":20}},"1":{"start":{"line":3,"column":23},"end":{"line":7,"column":2}},"2":{"start":{"line":12,"column":1},"end":{"line":12,"column":40}},"3":{"start":{"line":11,"column":0},"end":{"line":11,"column":16}},"4":{"start":{"line":15,"column":1},"end":{"line":15,"column":50}},"5":{"start":{"line":14,"column":0},"end":{"line":14,"column":16}}},"fnMap":{"0":{"name":"validateCustomer","decl":{"start":{"line":11,"column":16},"end":{"line":11,"column":32}},"loc":{"start":{"line":11,"column":48},"end":{"line":13,"column":1}}},"1":{"name":"validatePartialCustomer","decl":{"start":{"line":14,"column":16},"end":{"line":14,"column":39}},"loc":{"start":{"line":14,"column":64},"end":{"line":16,"column":1}}}},"branchMap":{},"s":{"0":2,"1":2,"2":0,"3":2,"4":0,"5":2},"f":{"0":0,"1":0},"b":{}}
,"/home/krapp/programacion/sistema-puraesencia/backend/src/schemas/paymentMethod.ts": {"path":"/home/krapp/programacion/sistema-puraesencia/backend/src/schemas/paymentMethod.ts","statementMap":{"0":{"start":{"line":1,"column":0},"end":{"line":1,"column":20}},"1":{"start":{"line":3,"column":28},"end":{"line":5,"column":2}},"2":{"start":{"line":10,"column":1},"end":{"line":10,"column":45}},"3":{"start":{"line":9,"column":0},"end":{"line":9,"column":16}},"4":{"start":{"line":13,"column":1},"end":{"line":13,"column":55}},"5":{"start":{"line":12,"column":0},"end":{"line":12,"column":16}}},"fnMap":{"0":{"name":"validatePaymentMethod","decl":{"start":{"line":9,"column":16},"end":{"line":9,"column":37}},"loc":{"start":{"line":9,"column":58},"end":{"line":11,"column":1}}},"1":{"name":"validatePartialPaymentMethod","decl":{"start":{"line":12,"column":16},"end":{"line":12,"column":44}},"loc":{"start":{"line":12,"column":74},"end":{"line":14,"column":1}}}},"branchMap":{},"s":{"0":2,"1":2,"2":0,"3":2,"4":0,"5":2},"f":{"0":0,"1":0},"b":{}}
,"/home/krapp/programacion/sistema-puraesencia/backend/src/schemas/product.ts": {"path":"/home/krapp/programacion/sistema-puraesencia/backend/src/schemas/product.ts","statementMap":{"0":{"start":{"line":1,"column":0},"end":{"line":1,"column":20}},"1":{"start":{"line":3,"column":0},"end":{"line":3,"column":40}},"2":{"start":{"line":5,"column":22},"end":{"line":9,"column":2}},"3":{"start":{"line":14,"column":1},"end":{"line":14,"column":39}},"4":{"start":{"line":13,"column":0},"end":{"line":13,"column":16}},"5":{"start":{"line":17,"column":1},"end":{"line":17,"column":49}},"6":{"start":{"line":16,"column":0},"end":{"line":16,"column":16}}},"fnMap":{"0":{"name":"validateProduct","decl":{"start":{"line":13,"column":16},"end":{"line":13,"column":31}},"loc":{"start":{"line":13,"column":46},"end":{"line":15,"column":1}}},"1":{"name":"validatePartialProduct","decl":{"start":{"line":16,"column":16},"end":{"line":16,"column":38}},"loc":{"start":{"line":16,"column":62},"end":{"line":18,"column":1}}}},"branchMap":{},"s":{"0":2,"1":2,"2":2,"3":0,"4":2,"5":0,"6":2},"f":{"0":0,"1":0},"b":{}}
,"/home/krapp/programacion/sistema-puraesencia/backend/src/schemas/professional.ts": {"path":"/home/krapp/programacion/sistema-puraesencia/backend/src/schemas/professional.ts","statementMap":{"0":{"start":{"line":1,"column":0},"end":{"line":1,"column":20}},"1":{"start":{"line":3,"column":27},"end":{"line":6,"column":2}},"2":{"start":{"line":11,"column":1},"end":{"line":11,"column":44}},"3":{"start":{"line":10,"column":0},"end":{"line":10,"column":16}},"4":{"start":{"line":14,"column":1},"end":{"line":14,"column":54}},"5":{"start":{"line":13,"column":0},"end":{"line":13,"column":16}}},"fnMap":{"0":{"name":"validateProfessional","decl":{"start":{"line":10,"column":16},"end":{"line":10,"column":36}},"loc":{"start":{"line":10,"column":56},"end":{"line":12,"column":1}}},"1":{"name":"validatePartialProfessional","decl":{"start":{"line":13,"column":16},"end":{"line":13,"column":43}},"loc":{"start":{"line":13,"column":72},"end":{"line":15,"column":1}}}},"branchMap":{},"s":{"0":2,"1":2,"2":0,"3":2,"4":0,"5":2},"f":{"0":0,"1":0},"b":{}}
,"/home/krapp/programacion/sistema-puraesencia/backend/src/schemas/professionalPayment.ts": {"path":"/home/krapp/programacion/sistema-puraesencia/backend/src/schemas/professionalPayment.ts","statementMap":{"0":{"start":{"line":1,"column":0},"end":{"line":1,"column":20}},"1":{"start":{"line":2,"column":0},"end":{"line":2,"column":40}},"2":{"start":{"line":4,"column":34},"end":{"line":14,"column":2}},"3":{"start":{"line":19,"column":1},"end":{"line":19,"column":51}},"4":{"start":{"line":18,"column":0},"end":{"line":18,"column":16}},"5":{"start":{"line":22,"column":1},"end":{"line":22,"column":61}},"6":{"start":{"line":21,"column":0},"end":{"line":21,"column":16}}},"fnMap":{"0":{"name":"validateProfessionalPayment","decl":{"start":{"line":18,"column":16},"end":{"line":18,"column":43}},"loc":{"start":{"line":18,"column":70},"end":{"line":20,"column":1}}},"1":{"name":"validatePartialProfessionalPayment","decl":{"start":{"line":21,"column":16},"end":{"line":21,"column":50}},"loc":{"start":{"line":21,"column":86},"end":{"line":23,"column":1}}}},"branchMap":{},"s":{"0":2,"1":2,"2":2,"3":0,"4":2,"5":0,"6":2},"f":{"0":0,"1":0},"b":{}}
}
