TN:
SF:src/app.ts
FN:24,(anonymous_7)
FNF:1
FNH:1
FNDA:1,(anonymous_7)
DA:2,2
DA:3,2
DA:4,2
DA:5,2
DA:6,2
DA:7,2
DA:8,2
DA:9,2
DA:12,2
DA:14,2
DA:15,2
DA:16,2
DA:18,2
DA:19,2
DA:20,2
DA:21,2
DA:22,2
DA:24,2
DA:25,1
DA:28,2
LF:20
LH:20
BRF:0
BRH:0
end_of_record
TN:
SF:src/controllers/category.ts
FN:7,(anonymous_7)
FN:8,(anonymous_8)
FN:8,(anonymous_9)
FN:13,(anonymous_10)
FN:13,(anonymous_11)
FN:22,(anonymous_12)
FN:22,(anonymous_13)
FN:33,(anonymous_14)
FN:33,(anonymous_15)
FN:48,(anonymous_16)
FN:48,(anonymous_17)
FNF:11
FNH:1
FNDA:2,(anonymous_7)
FNDA:0,(anonymous_8)
FNDA:0,(anonymous_9)
FNDA:0,(anonymous_10)
FNDA:0,(anonymous_11)
FNDA:0,(anonymous_12)
FNDA:0,(anonymous_13)
FNDA:0,(anonymous_14)
FNDA:0,(anonymous_15)
FNDA:0,(anonymous_16)
FNDA:0,(anonymous_17)
DA:1,2
DA:3,2
DA:5,2
DA:7,2
DA:8,2
DA:9,0
DA:10,0
DA:13,2
DA:14,0
DA:15,0
DA:16,0
DA:17,0
DA:19,0
DA:22,2
DA:23,0
DA:24,0
DA:25,0
DA:28,0
DA:30,0
DA:33,2
DA:34,0
DA:35,0
DA:36,0
DA:37,0
DA:39,0
DA:40,0
DA:41,0
DA:44,0
DA:48,2
DA:49,0
DA:51,0
DA:52,0
DA:55,0
DA:57,0
DA:62,0
LF:35
LH:9
BRDA:16,0,0,0
BRDA:24,1,0,0
BRDA:39,2,0,0
BRDA:40,3,0,0
BRDA:51,4,0,0
BRF:5
BRH:0
end_of_record
TN:
SF:src/controllers/customer.ts
FN:7,(anonymous_7)
FN:8,(anonymous_8)
FN:8,(anonymous_9)
FN:13,(anonymous_10)
FN:13,(anonymous_11)
FN:22,(anonymous_12)
FN:22,(anonymous_13)
FN:33,(anonymous_14)
FN:33,(anonymous_15)
FN:48,(anonymous_16)
FN:48,(anonymous_17)
FNF:11
FNH:1
FNDA:2,(anonymous_7)
FNDA:0,(anonymous_8)
FNDA:0,(anonymous_9)
FNDA:0,(anonymous_10)
FNDA:0,(anonymous_11)
FNDA:0,(anonymous_12)
FNDA:0,(anonymous_13)
FNDA:0,(anonymous_14)
FNDA:0,(anonymous_15)
FNDA:0,(anonymous_16)
FNDA:0,(anonymous_17)
DA:1,2
DA:3,2
DA:5,2
DA:7,2
DA:8,2
DA:9,0
DA:10,0
DA:13,2
DA:14,0
DA:15,0
DA:16,0
DA:17,0
DA:19,0
DA:22,2
DA:23,0
DA:24,0
DA:25,0
DA:28,0
DA:30,0
DA:33,2
DA:34,0
DA:35,0
DA:36,0
DA:37,0
DA:39,0
DA:40,0
DA:41,0
DA:44,0
DA:48,2
DA:49,0
DA:51,0
DA:52,0
DA:55,0
DA:57,0
DA:62,0
LF:35
LH:9
BRDA:16,0,0,0
BRDA:24,1,0,0
BRDA:39,2,0,0
BRDA:40,3,0,0
BRDA:51,4,0,0
BRF:5
BRH:0
end_of_record
TN:
SF:src/controllers/paymentMethod.ts
FN:7,(anonymous_7)
FN:8,(anonymous_8)
FN:8,(anonymous_9)
FN:17,(anonymous_10)
FN:17,(anonymous_11)
FN:30,(anonymous_12)
FN:30,(anonymous_13)
FN:41,(anonymous_14)
FN:41,(anonymous_15)
FN:56,(anonymous_16)
FN:56,(anonymous_17)
FNF:11
FNH:3
FNDA:2,(anonymous_7)
FNDA:1,(anonymous_8)
FNDA:1,(anonymous_9)
FNDA:0,(anonymous_10)
FNDA:0,(anonymous_11)
FNDA:0,(anonymous_12)
FNDA:0,(anonymous_13)
FNDA:0,(anonymous_14)
FNDA:0,(anonymous_15)
FNDA:0,(anonymous_16)
FNDA:0,(anonymous_17)
DA:1,2
DA:3,2
DA:5,2
DA:7,2
DA:8,2
DA:9,1
DA:10,1
DA:11,1
DA:13,0
DA:17,2
DA:18,0
DA:19,0
DA:20,0
DA:21,0
DA:22,0
DA:24,0
DA:26,0
DA:30,2
DA:31,0
DA:32,0
DA:33,0
DA:36,0
DA:38,0
DA:41,2
DA:42,0
DA:43,0
DA:44,0
DA:45,0
DA:47,0
DA:48,0
DA:49,0
DA:52,0
DA:56,2
DA:57,0
DA:59,0
DA:60,0
DA:63,0
DA:65,0
DA:70,0
LF:39
LH:12
BRDA:21,0,0,0
BRDA:32,1,0,0
BRDA:47,2,0,0
BRDA:48,3,0,0
BRDA:59,4,0,0
BRF:5
BRH:0
end_of_record
TN:
SF:src/controllers/product.ts
FN:7,(anonymous_7)
FN:8,(anonymous_8)
FN:8,(anonymous_9)
FN:13,(anonymous_10)
FN:13,(anonymous_11)
FN:22,(anonymous_12)
FN:22,(anonymous_13)
FN:33,(anonymous_14)
FN:33,(anonymous_15)
FN:48,(anonymous_16)
FN:48,(anonymous_17)
FNF:11
FNH:1
FNDA:2,(anonymous_7)
FNDA:0,(anonymous_8)
FNDA:0,(anonymous_9)
FNDA:0,(anonymous_10)
FNDA:0,(anonymous_11)
FNDA:0,(anonymous_12)
FNDA:0,(anonymous_13)
FNDA:0,(anonymous_14)
FNDA:0,(anonymous_15)
FNDA:0,(anonymous_16)
FNDA:0,(anonymous_17)
DA:1,2
DA:3,2
DA:5,2
DA:7,2
DA:8,2
DA:9,0
DA:10,0
DA:13,2
DA:14,0
DA:15,0
DA:16,0
DA:17,0
DA:19,0
DA:22,2
DA:23,0
DA:24,0
DA:25,0
DA:28,0
DA:30,0
DA:33,2
DA:34,0
DA:35,0
DA:36,0
DA:37,0
DA:39,0
DA:40,0
DA:41,0
DA:44,0
DA:48,2
DA:49,0
DA:51,0
DA:52,0
DA:55,0
DA:57,0
DA:62,0
LF:35
LH:9
BRDA:16,0,0,0
BRDA:24,1,0,0
BRDA:39,2,0,0
BRDA:40,3,0,0
BRDA:51,4,0,0
BRF:5
BRH:0
end_of_record
TN:
SF:src/controllers/professional.ts
FN:7,(anonymous_7)
FN:8,(anonymous_8)
FN:8,(anonymous_9)
FN:13,(anonymous_10)
FN:13,(anonymous_11)
FN:22,(anonymous_12)
FN:22,(anonymous_13)
FN:33,(anonymous_14)
FN:33,(anonymous_15)
FN:48,(anonymous_16)
FN:48,(anonymous_17)
FNF:11
FNH:1
FNDA:2,(anonymous_7)
FNDA:0,(anonymous_8)
FNDA:0,(anonymous_9)
FNDA:0,(anonymous_10)
FNDA:0,(anonymous_11)
FNDA:0,(anonymous_12)
FNDA:0,(anonymous_13)
FNDA:0,(anonymous_14)
FNDA:0,(anonymous_15)
FNDA:0,(anonymous_16)
FNDA:0,(anonymous_17)
DA:1,2
DA:3,2
DA:5,2
DA:7,2
DA:8,2
DA:9,0
DA:10,0
DA:13,2
DA:14,0
DA:15,0
DA:16,0
DA:17,0
DA:19,0
DA:22,2
DA:23,0
DA:24,0
DA:25,0
DA:28,0
DA:30,0
DA:33,2
DA:34,0
DA:35,0
DA:36,0
DA:37,0
DA:39,0
DA:40,0
DA:41,0
DA:44,0
DA:48,2
DA:49,0
DA:51,0
DA:52,0
DA:55,0
DA:57,0
DA:62,0
LF:35
LH:9
BRDA:16,0,0,0
BRDA:24,1,0,0
BRDA:39,2,0,0
BRDA:40,3,0,0
BRDA:51,4,0,0
BRF:5
BRH:0
end_of_record
TN:
SF:src/controllers/professionalPayment.ts
FN:10,(anonymous_7)
FN:11,(anonymous_8)
FN:11,(anonymous_9)
FN:16,(anonymous_10)
FN:16,(anonymous_11)
FN:25,(anonymous_12)
FN:25,(anonymous_13)
FN:40,(anonymous_14)
FN:40,(anonymous_15)
FN:47,(anonymous_16)
FN:62,(anonymous_17)
FN:62,(anonymous_18)
FNF:12
FNH:1
FNDA:2,(anonymous_7)
FNDA:0,(anonymous_8)
FNDA:0,(anonymous_9)
FNDA:0,(anonymous_10)
FNDA:0,(anonymous_11)
FNDA:0,(anonymous_12)
FNDA:0,(anonymous_13)
FNDA:0,(anonymous_14)
FNDA:0,(anonymous_15)
FNDA:0,(anonymous_16)
FNDA:0,(anonymous_17)
FNDA:0,(anonymous_18)
DA:1,2
DA:4,2
DA:6,2
DA:10,2
DA:11,2
DA:12,0
DA:13,0
DA:16,2
DA:17,0
DA:18,0
DA:19,0
DA:20,0
DA:22,0
DA:25,2
DA:26,0
DA:27,0
DA:28,0
DA:32,0
DA:37,0
DA:40,2
DA:41,0
DA:43,0
DA:44,0
DA:47,0
DA:52,0
DA:53,0
DA:59,0
DA:62,2
DA:63,0
DA:64,0
DA:65,0
DA:66,0
DA:68,0
DA:69,0
DA:70,0
DA:73,0
LF:36
LH:9
BRDA:19,0,0,0
BRDA:27,1,0,0
BRDA:43,2,0,0
BRDA:47,3,0,0
BRDA:47,3,1,0
BRDA:47,4,0,0
BRDA:47,4,1,0
BRDA:48,5,0,0
BRDA:48,5,1,0
BRDA:48,6,0,0
BRDA:48,6,1,0
BRDA:68,7,0,0
BRDA:69,8,0,0
BRF:13
BRH:0
end_of_record
TN:
SF:src/middlewares/cors.ts
FN:6,(anonymous_1)
FN:8,(anonymous_2)
FNF:2
FNH:2
FNDA:2,(anonymous_1)
FNDA:2,(anonymous_2)
DA:1,2
DA:4,2
DA:6,2
DA:7,2
DA:9,2
DA:10,2
DA:13,0
DA:14,0
DA:17,0
LF:9
LH:6
BRDA:6,0,0,2
BRDA:6,1,0,2
BRDA:9,2,0,2
BRDA:13,3,0,0
BRF:4
BRH:3
end_of_record
TN:
SF:src/models/prisma/category.ts
FN:9,(anonymous_8)
FN:13,(anonymous_10)
FN:21,(anonymous_12)
FN:27,(anonymous_14)
FN:27,(anonymous_15)
FN:34,(anonymous_16)
FNF:6
FNH:0
FNDA:0,(anonymous_8)
FNDA:0,(anonymous_10)
FNDA:0,(anonymous_12)
FNDA:0,(anonymous_14)
FNDA:0,(anonymous_15)
FNDA:0,(anonymous_16)
DA:2,2
DA:8,2
DA:10,0
DA:14,0
DA:22,0
DA:27,0
DA:28,0
DA:35,0
LF:8
LH:2
BRF:0
BRH:0
end_of_record
TN:
SF:src/models/prisma/client.ts
FNF:0
FNH:0
DA:3,2
DA:5,2
DA:7,2
LF:3
LH:3
BRF:0
BRH:0
end_of_record
TN:
SF:src/models/prisma/customer.ts
FN:9,(anonymous_8)
FN:13,(anonymous_10)
FN:23,(anonymous_12)
FN:28,(anonymous_14)
FN:28,(anonymous_15)
FN:38,(anonymous_16)
FNF:6
FNH:0
FNDA:0,(anonymous_8)
FNDA:0,(anonymous_10)
FNDA:0,(anonymous_12)
FNDA:0,(anonymous_14)
FNDA:0,(anonymous_15)
FNDA:0,(anonymous_16)
DA:3,2
DA:8,2
DA:10,0
DA:14,0
DA:20,0
DA:24,0
DA:25,0
DA:28,0
DA:29,0
DA:35,0
DA:39,0
DA:44,0
LF:12
LH:2
BRF:0
BRH:0
end_of_record
TN:
SF:src/models/prisma/paymentMethod.ts
FN:8,(anonymous_8)
FN:12,(anonymous_10)
FN:19,(anonymous_12)
FN:23,(anonymous_14)
FN:23,(anonymous_15)
FN:38,(anonymous_16)
FNF:6
FNH:1
FNDA:1,(anonymous_8)
FNDA:0,(anonymous_10)
FNDA:0,(anonymous_12)
FNDA:0,(anonymous_14)
FNDA:0,(anonymous_15)
FNDA:0,(anonymous_16)
DA:3,2
DA:7,2
DA:9,1
DA:13,0
DA:20,0
DA:23,0
DA:30,0
DA:39,0
LF:8
LH:3
BRF:0
BRH:0
end_of_record
TN:
SF:src/models/prisma/product.ts
FN:7,(anonymous_8)
FN:11,(anonymous_10)
FN:19,(anonymous_12)
FN:25,(anonymous_14)
FN:25,(anonymous_15)
FN:32,(anonymous_16)
FNF:6
FNH:0
FNDA:0,(anonymous_8)
FNDA:0,(anonymous_10)
FNDA:0,(anonymous_12)
FNDA:0,(anonymous_14)
FNDA:0,(anonymous_15)
FNDA:0,(anonymous_16)
DA:1,2
DA:6,2
DA:8,0
DA:12,0
DA:20,0
DA:25,0
DA:26,0
DA:33,0
LF:8
LH:2
BRF:0
BRH:0
end_of_record
TN:
SF:src/models/prisma/professional.ts
FN:8,(anonymous_8)
FN:12,(anonymous_10)
FN:20,(anonymous_12)
FN:24,(anonymous_14)
FN:24,(anonymous_15)
FN:33,(anonymous_16)
FNF:6
FNH:0
FNDA:0,(anonymous_8)
FNDA:0,(anonymous_10)
FNDA:0,(anonymous_12)
FNDA:0,(anonymous_14)
FNDA:0,(anonymous_15)
FNDA:0,(anonymous_16)
DA:3,2
DA:7,2
DA:9,0
DA:13,0
DA:21,0
DA:24,0
DA:25,0
DA:34,0
LF:8
LH:2
BRF:0
BRH:0
end_of_record
TN:
SF:src/models/prisma/professionalPayment.ts
FN:9,(anonymous_8)
FN:13,(anonymous_10)
FN:20,(anonymous_12)
FN:31,(anonymous_14)
FN:31,(anonymous_15)
FN:41,(anonymous_16)
FN:60,(anonymous_17)
FN:73,(anonymous_19)
FN:78,(anonymous_21)
FN:78,(anonymous_22)
FN:93,(anonymous_23)
FN:112,(anonymous_24)
FNF:12
FNH:0
FNDA:0,(anonymous_8)
FNDA:0,(anonymous_10)
FNDA:0,(anonymous_12)
FNDA:0,(anonymous_14)
FNDA:0,(anonymous_15)
FNDA:0,(anonymous_16)
FNDA:0,(anonymous_17)
FNDA:0,(anonymous_19)
FNDA:0,(anonymous_21)
FNDA:0,(anonymous_22)
FNDA:0,(anonymous_23)
FNDA:0,(anonymous_24)
DA:3,2
DA:8,2
DA:10,0
DA:14,0
DA:25,0
DA:31,0
DA:32,0
DA:41,0
DA:51,0
DA:52,0
DA:55,0
DA:56,0
DA:61,0
DA:62,0
DA:67,0
DA:68,0
DA:77,0
DA:78,0
DA:80,0
DA:93,0
DA:104,0
DA:107,0
DA:108,0
DA:113,0
LF:24
LH:2
BRDA:67,0,0,0
BRDA:84,1,0,0
BRDA:84,1,1,0
BRDA:91,2,0,0
BRDA:91,2,1,0
BRF:5
BRH:0
end_of_record
TN:
SF:src/routes/categories.routes.ts
FN:4,(anonymous_0)
FNF:1
FNH:1
FNDA:2,(anonymous_0)
DA:1,2
DA:2,2
DA:4,2
DA:5,2
DA:7,2
DA:9,2
DA:10,2
DA:12,2
DA:13,2
DA:14,2
DA:16,2
LF:11
LH:11
BRF:0
BRH:0
end_of_record
TN:
SF:src/routes/customer.routes.ts
FN:4,(anonymous_0)
FNF:1
FNH:1
FNDA:2,(anonymous_0)
DA:1,2
DA:2,2
DA:4,2
DA:5,2
DA:7,2
DA:9,2
DA:10,2
DA:12,2
DA:13,2
DA:14,2
DA:16,2
LF:11
LH:11
BRF:0
BRH:0
end_of_record
TN:
SF:src/routes/paymentMethods.routes.ts
FN:4,(anonymous_0)
FNF:1
FNH:1
FNDA:2,(anonymous_0)
DA:1,2
DA:2,2
DA:4,2
DA:5,2
DA:7,2
DA:9,2
DA:10,2
DA:12,2
DA:13,2
DA:14,2
DA:16,2
LF:11
LH:11
BRF:0
BRH:0
end_of_record
TN:
SF:src/routes/products.routes.ts
FN:4,(anonymous_0)
FNF:1
FNH:1
FNDA:2,(anonymous_0)
DA:1,2
DA:2,2
DA:4,2
DA:5,2
DA:7,2
DA:9,2
DA:10,2
DA:12,2
DA:13,2
DA:14,2
DA:16,2
LF:11
LH:11
BRF:0
BRH:0
end_of_record
TN:
SF:src/routes/professionals.routes.ts
FN:5,(anonymous_0)
FNF:1
FNH:1
FNDA:2,(anonymous_0)
DA:1,2
DA:2,2
DA:3,2
DA:5,2
DA:6,2
DA:8,2
DA:9,2
DA:11,2
DA:12,2
DA:14,2
DA:15,2
DA:16,2
DA:19,2
DA:20,2
DA:22,2
DA:24,2
DA:25,2
DA:27,2
LF:18
LH:18
BRF:0
BRH:0
end_of_record
TN:
SF:src/schemas/category.ts
FN:9,validateCategory
FN:12,validatePartialCategory
FNF:2
FNH:0
FNDA:0,validateCategory
FNDA:0,validatePartialCategory
DA:1,2
DA:3,2
DA:9,2
DA:10,0
DA:12,2
DA:13,0
LF:6
LH:4
BRF:0
BRH:0
end_of_record
TN:
SF:src/schemas/customer.ts
FN:11,validateCustomer
FN:14,validatePartialCustomer
FNF:2
FNH:0
FNDA:0,validateCustomer
FNDA:0,validatePartialCustomer
DA:1,2
DA:3,2
DA:11,2
DA:12,0
DA:14,2
DA:15,0
LF:6
LH:4
BRF:0
BRH:0
end_of_record
TN:
SF:src/schemas/paymentMethod.ts
FN:9,validatePaymentMethod
FN:12,validatePartialPaymentMethod
FNF:2
FNH:0
FNDA:0,validatePaymentMethod
FNDA:0,validatePartialPaymentMethod
DA:1,2
DA:3,2
DA:9,2
DA:10,0
DA:12,2
DA:13,0
LF:6
LH:4
BRF:0
BRH:0
end_of_record
TN:
SF:src/schemas/product.ts
FN:13,validateProduct
FN:16,validatePartialProduct
FNF:2
FNH:0
FNDA:0,validateProduct
FNDA:0,validatePartialProduct
DA:1,2
DA:3,2
DA:5,2
DA:13,2
DA:14,0
DA:16,2
DA:17,0
LF:7
LH:5
BRF:0
BRH:0
end_of_record
TN:
SF:src/schemas/professional.ts
FN:10,validateProfessional
FN:13,validatePartialProfessional
FNF:2
FNH:0
FNDA:0,validateProfessional
FNDA:0,validatePartialProfessional
DA:1,2
DA:3,2
DA:10,2
DA:11,0
DA:13,2
DA:14,0
LF:6
LH:4
BRF:0
BRH:0
end_of_record
TN:
SF:src/schemas/professionalPayment.ts
FN:18,validateProfessionalPayment
FN:21,validatePartialProfessionalPayment
FNF:2
FNH:0
FNDA:0,validateProfessionalPayment
FNDA:0,validatePartialProfessionalPayment
DA:1,2
DA:2,2
DA:4,2
DA:18,2
DA:19,0
DA:21,2
DA:22,0
LF:7
LH:5
BRF:0
BRH:0
end_of_record
